2023-02-06 17:27:20,982 - mmcls - INFO - Environment info:
------------------------------------------------------------
sys.platform: linux
Python: 3.8.16 (default, Jan 17 2023, 23:13:24) [GCC 11.2.0]
CUDA available: True
GPU 0: NVIDIA GeForce RTX 3090
GPU 1: Tesla V100-PCIE-32GB
CUDA_HOME: /home/lwb/cuda
NVCC: Cuda compilation tools, release 11.1, V11.1.74
GCC: gcc (Ubuntu 7.5.0-6ubuntu2) 7.5.0
PyTorch: 1.10.1+cu111
PyTorch compiling details: PyTorch built with:
  - GCC 7.3
  - C++ Version: 201402
  - Intel(R) Math Kernel Library Version 2020.0.0 Product Build 20191122 for Intel(R) 64 architecture applications
  - Intel(R) MKL-DNN v2.2.3 (Git Hash 7336ca9f055cf1bfa13efb658fe15dc9b41f0740)
  - OpenMP 201511 (a.k.a. OpenMP 4.5)
  - LAPACK is enabled (usually provided by MKL)
  - NNPACK is enabled
  - CPU capability usage: AVX512
  - CUDA Runtime 11.1
  - NVCC architecture flags: -gencode;arch=compute_37,code=sm_37;-gencode;arch=compute_50,code=sm_50;-gencode;arch=compute_60,code=sm_60;-gencode;arch=compute_70,code=sm_70;-gencode;arch=compute_75,code=sm_75;-gencode;arch=compute_80,code=sm_80;-gencode;arch=compute_86,code=sm_86
  - CuDNN 8.0.5
  - Magma 2.5.2
  - Build settings: BLAS_INFO=mkl, BUILD_TYPE=Release, CUDA_VERSION=11.1, CUDNN_VERSION=8.0.5, CXX_COMPILER=/opt/rh/devtoolset-7/root/usr/bin/c++, CXX_FLAGS= -Wno-deprecated -fvisibility-inlines-hidden -DUSE_PTHREADPOOL -fopenmp -DNDEBUG -DUSE_KINETO -DUSE_FBGEMM -DUSE_QNNPACK -DUSE_PYTORCH_QNNPACK -DUSE_XNNPACK -DSYMBOLICATE_MOBILE_DEBUG_HANDLE -DEDGE_PROFILER_USE_KINETO -O2 -fPIC -Wno-narrowing -Wall -Wextra -Werror=return-type -Wno-missing-field-initializers -Wno-type-limits -Wno-array-bounds -Wno-unknown-pragmas -Wno-sign-compare -Wno-unused-parameter -Wno-unused-variable -Wno-unused-function -Wno-unused-result -Wno-unused-local-typedefs -Wno-strict-overflow -Wno-strict-aliasing -Wno-error=deprecated-declarations -Wno-stringop-overflow -Wno-psabi -Wno-error=pedantic -Wno-error=redundant-decls -Wno-error=old-style-cast -fdiagnostics-color=always -faligned-new -Wno-unused-but-set-variable -Wno-maybe-uninitialized -fno-math-errno -fno-trapping-math -Werror=format -Wno-stringop-overflow, LAPACK_INFO=mkl, PERF_WITH_AVX=1, PERF_WITH_AVX2=1, PERF_WITH_AVX512=1, TORCH_VERSION=1.10.1, USE_CUDA=ON, USE_CUDNN=ON, USE_EXCEPTION_PTR=1, USE_GFLAGS=OFF, USE_GLOG=OFF, USE_MKL=ON, USE_MKLDNN=ON, USE_MPI=OFF, USE_NCCL=ON, USE_NNPACK=ON, USE_OPENMP=ON, 

TorchVision: 0.11.2+cu111
OpenCV: 4.7.0
MMCV: 1.7.1
MMCV Compiler: GCC 7.3
MMCV CUDA Compiler: 11.1
MMClassification: 0.25.0+b8273d0
------------------------------------------------------------

2023-02-06 17:27:20,982 - mmcls - INFO - Distributed training: False
2023-02-06 17:27:21,066 - mmcls - INFO - Config:
model = dict(
    type='ImageClassifier',
    backbone=dict(type='EfficientNet', arch='b7'),
    neck=dict(type='GlobalAveragePooling'),
    head=dict(
        type='LinearClsHead',
        num_classes=10,
        in_channels=2560,
        loss=dict(type='CrossEntropyLoss', loss_weight=1.0),
        topk=(1, 5)))
dataset_type = 'CIFAR10'
img_norm_cfg = dict(
    mean=[125.307, 122.961, 113.8575],
    std=[51.5865, 50.847, 51.255],
    to_rgb=False)
train_pipeline = [
    dict(type='RandomCrop', size=32, padding=4),
    dict(type='RandomFlip', flip_prob=0.5, direction='horizontal'),
    dict(
        type='Normalize',
        mean=[125.307, 122.961, 113.8575],
        std=[51.5865, 50.847, 51.255],
        to_rgb=False),
    dict(type='ImageToTensor', keys=['img']),
    dict(type='ToTensor', keys=['gt_label']),
    dict(type='Collect', keys=['img', 'gt_label'])
]
test_pipeline = [
    dict(
        type='Normalize',
        mean=[125.307, 122.961, 113.8575],
        std=[51.5865, 50.847, 51.255],
        to_rgb=False),
    dict(type='ImageToTensor', keys=['img']),
    dict(type='Collect', keys=['img'])
]
data = dict(
    samples_per_gpu=128,
    workers_per_gpu=4,
    train=dict(
        type='CIFAR10',
        data_prefix='data/cifar10',
        pipeline=[
            dict(type='RandomCrop', size=32, padding=4),
            dict(type='RandomFlip', flip_prob=0.5, direction='horizontal'),
            dict(
                type='Normalize',
                mean=[125.307, 122.961, 113.8575],
                std=[51.5865, 50.847, 51.255],
                to_rgb=False),
            dict(type='ImageToTensor', keys=['img']),
            dict(type='ToTensor', keys=['gt_label']),
            dict(type='Collect', keys=['img', 'gt_label'])
        ]),
    val=dict(
        type='CIFAR10',
        data_prefix='data/cifar10',
        pipeline=[
            dict(
                type='Normalize',
                mean=[125.307, 122.961, 113.8575],
                std=[51.5865, 50.847, 51.255],
                to_rgb=False),
            dict(type='ImageToTensor', keys=['img']),
            dict(type='Collect', keys=['img'])
        ],
        test_mode=True),
    test=dict(
        type='CIFAR10',
        data_prefix='data/cifar10',
        pipeline=[
            dict(
                type='Normalize',
                mean=[125.307, 122.961, 113.8575],
                std=[51.5865, 50.847, 51.255],
                to_rgb=False),
            dict(type='ImageToTensor', keys=['img']),
            dict(type='Collect', keys=['img'])
        ],
        test_mode=True))
optimizer = dict(type='SGD', lr=0.1, momentum=0.9, weight_decay=0.0001)
optimizer_config = dict(grad_clip=None)
lr_config = dict(policy='step', step=[70, 100])
runner = dict(type='EpochBasedRunner', max_epochs=120)
checkpoint_config = dict(interval=20)
log_config = dict(interval=100, hooks=[dict(type='TextLoggerHook')])
dist_params = dict(backend='nccl')
log_level = 'INFO'
load_from = '/disk0/lwb/pretrain/efficientnet-b7_3rdparty_8xb32-aa-advprop_in1k_20220119-c6dbff10.pth'
resume_from = None
workflow = [('train', 1)]
work_dir = './work_dirs/efficientnet-b7_b128_cifar10'
gpu_ids = [0]

2023-02-06 17:27:21,067 - mmcls - INFO - Set random seed to 1859468499, deterministic: False
2023-02-06 17:27:27,971 - mmcls - INFO - load checkpoint from local path: /disk0/lwb/pretrain/efficientnet-b7_3rdparty_8xb32-aa-advprop_in1k_20220119-c6dbff10.pth
2023-02-06 17:27:29,321 - mmcls - WARNING - The model and loaded state dict do not match exactly

size mismatch for head.fc.weight: copying a param with shape torch.Size([1000, 2560]) from checkpoint, the shape in current model is torch.Size([10, 2560]).
size mismatch for head.fc.bias: copying a param with shape torch.Size([1000]) from checkpoint, the shape in current model is torch.Size([10]).
2023-02-06 17:27:29,332 - mmcls - INFO - Start running, host: lwb@ubuntu-SYS-7049GP-TRT, work_dir: /home/lwb/work/code/mmclassification/work_dirs/efficientnet-b7_b128_cifar10
2023-02-06 17:27:29,333 - mmcls - INFO - Hooks will be executed in the following order:
before_run:
(VERY_HIGH   ) StepLrUpdaterHook                  
(NORMAL      ) CheckpointHook                     
(LOW         ) EvalHook                           
(VERY_LOW    ) TextLoggerHook                     
 -------------------- 
before_train_epoch:
(VERY_HIGH   ) StepLrUpdaterHook                  
(LOW         ) IterTimerHook                      
(LOW         ) EvalHook                           
(VERY_LOW    ) TextLoggerHook                     
 -------------------- 
before_train_iter:
(VERY_HIGH   ) StepLrUpdaterHook                  
(LOW         ) IterTimerHook                      
(LOW         ) EvalHook                           
 -------------------- 
after_train_iter:
(ABOVE_NORMAL) OptimizerHook                      
(NORMAL      ) CheckpointHook                     
(LOW         ) IterTimerHook                      
(LOW         ) EvalHook                           
(VERY_LOW    ) TextLoggerHook                     
 -------------------- 
after_train_epoch:
(NORMAL      ) CheckpointHook                     
(LOW         ) EvalHook                           
(VERY_LOW    ) TextLoggerHook                     
 -------------------- 
before_val_epoch:
(LOW         ) IterTimerHook                      
(VERY_LOW    ) TextLoggerHook                     
 -------------------- 
before_val_iter:
(LOW         ) IterTimerHook                      
 -------------------- 
after_val_iter:
(LOW         ) IterTimerHook                      
 -------------------- 
after_val_epoch:
(VERY_LOW    ) TextLoggerHook                     
 -------------------- 
after_run:
(VERY_LOW    ) TextLoggerHook                     
 -------------------- 
2023-02-06 17:27:29,333 - mmcls - INFO - workflow: [('train', 1)], max: 120 epochs
2023-02-06 17:27:29,333 - mmcls - INFO - Checkpoints will be saved to /home/lwb/work/code/mmclassification/work_dirs/efficientnet-b7_b128_cifar10 by HardDiskBackend.
2023-02-06 17:27:52,653 - mmcls - INFO - Epoch [1][100/391]	lr: 1.000e-01, eta: 3:01:55, time: 0.233, data_time: 0.025, memory: 3684, loss: 1.8858
2023-02-06 17:28:13,218 - mmcls - INFO - Epoch [1][200/391]	lr: 1.000e-01, eta: 2:50:50, time: 0.206, data_time: 0.000, memory: 3684, loss: 1.4268
2023-02-06 17:28:33,739 - mmcls - INFO - Epoch [1][300/391]	lr: 1.000e-01, eta: 2:46:47, time: 0.205, data_time: 0.000, memory: 3684, loss: 1.4273
2023-02-06 17:28:59,592 - mmcls - INFO - Epoch(val) [1][79]	accuracy_top-1: 42.4400, accuracy_top-5: 89.7200
2023-02-06 17:29:22,137 - mmcls - INFO - Epoch [2][100/391]	lr: 1.000e-01, eta: 2:17:00, time: 0.225, data_time: 0.021, memory: 3684, loss: 1.4849
2023-02-06 17:29:42,615 - mmcls - INFO - Epoch [2][200/391]	lr: 1.000e-01, eta: 2:20:19, time: 0.205, data_time: 0.000, memory: 3684, loss: 1.5298
2023-02-06 17:30:03,083 - mmcls - INFO - Epoch [2][300/391]	lr: 1.000e-01, eta: 2:22:35, time: 0.205, data_time: 0.000, memory: 3684, loss: 1.3778
2023-02-06 17:30:28,350 - mmcls - INFO - Epoch(val) [2][79]	accuracy_top-1: 34.5000, accuracy_top-5: 81.8200
2023-02-06 17:30:50,694 - mmcls - INFO - Epoch [3][100/391]	lr: 1.000e-01, eta: 2:10:40, time: 0.223, data_time: 0.021, memory: 3684, loss: 1.6593
2023-02-06 17:31:11,076 - mmcls - INFO - Epoch [3][200/391]	lr: 1.000e-01, eta: 2:13:00, time: 0.204, data_time: 0.000, memory: 3684, loss: 1.5646
2023-02-06 17:31:31,379 - mmcls - INFO - Epoch [3][300/391]	lr: 1.000e-01, eta: 2:14:47, time: 0.203, data_time: 0.000, memory: 3684, loss: 1.8551
2023-02-06 17:31:56,594 - mmcls - INFO - Epoch(val) [3][79]	accuracy_top-1: 27.1000, accuracy_top-5: 77.3100
2023-02-06 17:32:19,296 - mmcls - INFO - Epoch [4][100/391]	lr: 1.000e-01, eta: 2:07:39, time: 0.227, data_time: 0.021, memory: 3684, loss: 1.8638
2023-02-06 17:32:39,932 - mmcls - INFO - Epoch [4][200/391]	lr: 1.000e-01, eta: 2:09:30, time: 0.206, data_time: 0.000, memory: 3684, loss: 1.7960
2023-02-06 17:33:00,813 - mmcls - INFO - Epoch [4][300/391]	lr: 1.000e-01, eta: 2:11:10, time: 0.209, data_time: 0.000, memory: 3684, loss: 2.0258
2023-02-06 17:33:26,124 - mmcls - INFO - Epoch(val) [4][79]	accuracy_top-1: 27.0300, accuracy_top-5: 79.1800
2023-02-06 17:33:48,918 - mmcls - INFO - Epoch [5][100/391]	lr: 1.000e-01, eta: 2:05:58, time: 0.228, data_time: 0.021, memory: 3684, loss: 1.9266
2023-02-06 17:34:09,552 - mmcls - INFO - Epoch [5][200/391]	lr: 1.000e-01, eta: 2:07:21, time: 0.206, data_time: 0.000, memory: 3684, loss: 2.0738
2023-02-06 17:34:30,210 - mmcls - INFO - Epoch [5][300/391]	lr: 1.000e-01, eta: 2:08:35, time: 0.207, data_time: 0.000, memory: 3684, loss: 1.9855
2023-02-06 17:34:55,487 - mmcls - INFO - Epoch(val) [5][79]	accuracy_top-1: 25.9400, accuracy_top-5: 83.0800
2023-02-06 17:35:17,934 - mmcls - INFO - Epoch [6][100/391]	lr: 1.000e-01, eta: 2:04:18, time: 0.224, data_time: 0.021, memory: 3684, loss: 1.9746
2023-02-06 17:35:38,644 - mmcls - INFO - Epoch [6][200/391]	lr: 1.000e-01, eta: 2:05:26, time: 0.207, data_time: 0.000, memory: 3684, loss: 1.9300
2023-02-06 17:35:59,104 - mmcls - INFO - Epoch [6][300/391]	lr: 1.000e-01, eta: 2:06:22, time: 0.205, data_time: 0.000, memory: 3684, loss: 1.8684
2023-02-06 17:36:24,311 - mmcls - INFO - Epoch(val) [6][79]	accuracy_top-1: 23.6900, accuracy_top-5: 81.4300
2023-02-06 17:36:46,824 - mmcls - INFO - Epoch [7][100/391]	lr: 1.000e-01, eta: 2:02:49, time: 0.225, data_time: 0.021, memory: 3684, loss: 1.8696
2023-02-06 17:37:07,530 - mmcls - INFO - Epoch [7][200/391]	lr: 1.000e-01, eta: 2:03:44, time: 0.207, data_time: 0.000, memory: 3684, loss: 1.8313
2023-02-06 17:37:27,895 - mmcls - INFO - Epoch [7][300/391]	lr: 1.000e-01, eta: 2:04:28, time: 0.204, data_time: 0.000, memory: 3684, loss: 1.8858
2023-02-06 17:37:53,209 - mmcls - INFO - Epoch(val) [7][79]	accuracy_top-1: 26.8100, accuracy_top-5: 83.5300
2023-02-06 17:38:15,664 - mmcls - INFO - Epoch [8][100/391]	lr: 1.000e-01, eta: 2:01:24, time: 0.224, data_time: 0.021, memory: 3684, loss: 1.9094
2023-02-06 17:38:36,155 - mmcls - INFO - Epoch [8][200/391]	lr: 1.000e-01, eta: 2:02:07, time: 0.205, data_time: 0.000, memory: 3684, loss: 1.9006
2023-02-06 17:38:56,527 - mmcls - INFO - Epoch [8][300/391]	lr: 1.000e-01, eta: 2:02:44, time: 0.204, data_time: 0.000, memory: 3684, loss: 1.9069
2023-02-06 17:39:21,841 - mmcls - INFO - Epoch(val) [8][79]	accuracy_top-1: 32.6100, accuracy_top-5: 85.1000
2023-02-06 17:39:44,307 - mmcls - INFO - Epoch [9][100/391]	lr: 1.000e-01, eta: 2:00:02, time: 0.225, data_time: 0.021, memory: 3684, loss: 1.8643
2023-02-06 17:40:04,770 - mmcls - INFO - Epoch [9][200/391]	lr: 1.000e-01, eta: 2:00:38, time: 0.205, data_time: 0.000, memory: 3684, loss: 1.9086
2023-02-06 17:40:25,117 - mmcls - INFO - Epoch [9][300/391]	lr: 1.000e-01, eta: 2:01:09, time: 0.203, data_time: 0.000, memory: 3684, loss: 2.1313
2023-02-06 17:40:50,356 - mmcls - INFO - Epoch(val) [9][79]	accuracy_top-1: 16.9200, accuracy_top-5: 71.3200
2023-02-06 17:41:12,822 - mmcls - INFO - Epoch [10][100/391]	lr: 1.000e-01, eta: 1:58:44, time: 0.225, data_time: 0.021, memory: 3684, loss: 2.1340
2023-02-06 17:41:33,365 - mmcls - INFO - Epoch [10][200/391]	lr: 1.000e-01, eta: 1:59:15, time: 0.205, data_time: 0.000, memory: 3684, loss: 2.1893
2023-02-06 17:41:53,793 - mmcls - INFO - Epoch [10][300/391]	lr: 1.000e-01, eta: 1:59:42, time: 0.204, data_time: 0.000, memory: 3684, loss: 2.1086
2023-02-06 17:42:19,070 - mmcls - INFO - Epoch(val) [10][79]	accuracy_top-1: 23.2900, accuracy_top-5: 75.0400
2023-02-06 17:42:41,576 - mmcls - INFO - Epoch [11][100/391]	lr: 1.000e-01, eta: 1:57:30, time: 0.225, data_time: 0.021, memory: 3684, loss: 2.1181
2023-02-06 17:43:01,945 - mmcls - INFO - Epoch [11][200/391]	lr: 1.000e-01, eta: 1:57:55, time: 0.204, data_time: 0.000, memory: 3684, loss: 2.1137
2023-02-06 17:43:22,298 - mmcls - INFO - Epoch [11][300/391]	lr: 1.000e-01, eta: 1:58:17, time: 0.204, data_time: 0.000, memory: 3684, loss: 2.1175
2023-02-06 17:43:47,641 - mmcls - INFO - Epoch(val) [11][79]	accuracy_top-1: 24.3500, accuracy_top-5: 75.0700
2023-02-06 17:44:10,450 - mmcls - INFO - Epoch [12][100/391]	lr: 1.000e-01, eta: 1:56:19, time: 0.228, data_time: 0.021, memory: 3684, loss: 2.0841
2023-02-06 17:44:30,861 - mmcls - INFO - Epoch [12][200/391]	lr: 1.000e-01, eta: 1:56:40, time: 0.204, data_time: 0.000, memory: 3684, loss: 2.2750
2023-02-06 17:44:51,252 - mmcls - INFO - Epoch [12][300/391]	lr: 1.000e-01, eta: 1:56:59, time: 0.204, data_time: 0.000, memory: 3684, loss: 2.3238
2023-02-06 17:45:16,513 - mmcls - INFO - Epoch(val) [12][79]	accuracy_top-1: 10.3500, accuracy_top-5: 49.1500
2023-02-06 17:45:38,990 - mmcls - INFO - Epoch [13][100/391]	lr: 1.000e-01, eta: 1:55:07, time: 0.225, data_time: 0.021, memory: 3684, loss: 2.2819
2023-02-06 17:45:59,188 - mmcls - INFO - Epoch [13][200/391]	lr: 1.000e-01, eta: 1:55:23, time: 0.202, data_time: 0.000, memory: 3684, loss: 2.2780
2023-02-06 17:46:19,531 - mmcls - INFO - Epoch [13][300/391]	lr: 1.000e-01, eta: 1:55:39, time: 0.203, data_time: 0.000, memory: 3684, loss: 2.2250
2023-02-06 17:46:44,873 - mmcls - INFO - Epoch(val) [13][79]	accuracy_top-1: 19.1800, accuracy_top-5: 66.8700
2023-02-06 17:47:07,321 - mmcls - INFO - Epoch [14][100/391]	lr: 1.000e-01, eta: 1:53:53, time: 0.224, data_time: 0.021, memory: 3684, loss: 2.1572
2023-02-06 17:47:27,668 - mmcls - INFO - Epoch [14][200/391]	lr: 1.000e-01, eta: 1:54:08, time: 0.203, data_time: 0.000, memory: 3684, loss: 2.1115
2023-02-06 17:47:48,006 - mmcls - INFO - Epoch [14][300/391]	lr: 1.000e-01, eta: 1:54:22, time: 0.203, data_time: 0.000, memory: 3684, loss: 2.0597
2023-02-06 17:48:13,180 - mmcls - INFO - Epoch(val) [14][79]	accuracy_top-1: 24.2200, accuracy_top-5: 78.9600
2023-02-06 17:48:35,586 - mmcls - INFO - Epoch [15][100/391]	lr: 1.000e-01, eta: 1:52:43, time: 0.224, data_time: 0.021, memory: 3684, loss: 1.9986
2023-02-06 17:48:55,980 - mmcls - INFO - Epoch [15][200/391]	lr: 1.000e-01, eta: 1:52:56, time: 0.204, data_time: 0.000, memory: 3684, loss: 1.9801
2023-02-06 17:49:16,329 - mmcls - INFO - Epoch [15][300/391]	lr: 1.000e-01, eta: 1:53:07, time: 0.203, data_time: 0.000, memory: 3684, loss: 1.9730
2023-02-06 17:49:41,519 - mmcls - INFO - Epoch(val) [15][79]	accuracy_top-1: 26.4300, accuracy_top-5: 81.0300
2023-02-06 17:50:03,883 - mmcls - INFO - Epoch [16][100/391]	lr: 1.000e-01, eta: 1:51:33, time: 0.224, data_time: 0.021, memory: 3684, loss: 1.9252
2023-02-06 17:50:24,140 - mmcls - INFO - Epoch [16][200/391]	lr: 1.000e-01, eta: 1:51:43, time: 0.203, data_time: 0.000, memory: 3684, loss: 1.9057
2023-02-06 17:50:44,404 - mmcls - INFO - Epoch [16][300/391]	lr: 1.000e-01, eta: 1:51:52, time: 0.203, data_time: 0.000, memory: 3684, loss: 1.8699
2023-02-06 17:51:09,549 - mmcls - INFO - Epoch(val) [16][79]	accuracy_top-1: 32.4400, accuracy_top-5: 86.5600
2023-02-06 17:51:31,933 - mmcls - INFO - Epoch [17][100/391]	lr: 1.000e-01, eta: 1:50:22, time: 0.224, data_time: 0.021, memory: 3684, loss: 1.8185
2023-02-06 17:51:52,235 - mmcls - INFO - Epoch [17][200/391]	lr: 1.000e-01, eta: 1:50:31, time: 0.203, data_time: 0.000, memory: 3684, loss: 1.8179
2023-02-06 17:52:12,608 - mmcls - INFO - Epoch [17][300/391]	lr: 1.000e-01, eta: 1:50:39, time: 0.204, data_time: 0.000, memory: 3684, loss: 1.7675
2023-02-06 17:52:37,677 - mmcls - INFO - Epoch(val) [17][79]	accuracy_top-1: 34.7300, accuracy_top-5: 88.7100
2023-02-06 17:53:00,053 - mmcls - INFO - Epoch [18][100/391]	lr: 1.000e-01, eta: 1:49:14, time: 0.224, data_time: 0.021, memory: 3684, loss: 1.7485
2023-02-06 17:53:20,464 - mmcls - INFO - Epoch [18][200/391]	lr: 1.000e-01, eta: 1:49:22, time: 0.204, data_time: 0.000, memory: 3684, loss: 1.7310
2023-02-06 17:53:40,947 - mmcls - INFO - Epoch [18][300/391]	lr: 1.000e-01, eta: 1:49:29, time: 0.205, data_time: 0.000, memory: 3684, loss: 1.7577
2023-02-06 17:54:06,058 - mmcls - INFO - Epoch(val) [18][79]	accuracy_top-1: 36.2700, accuracy_top-5: 89.6200
2023-02-06 17:54:28,496 - mmcls - INFO - Epoch [19][100/391]	lr: 1.000e-01, eta: 1:48:07, time: 0.224, data_time: 0.021, memory: 3684, loss: 1.6945
2023-02-06 17:54:48,998 - mmcls - INFO - Epoch [19][200/391]	lr: 1.000e-01, eta: 1:48:14, time: 0.205, data_time: 0.000, memory: 3684, loss: 1.6547
2023-02-06 17:55:09,467 - mmcls - INFO - Epoch [19][300/391]	lr: 1.000e-01, eta: 1:48:20, time: 0.205, data_time: 0.000, memory: 3684, loss: 1.6596
2023-02-06 17:55:34,589 - mmcls - INFO - Epoch(val) [19][79]	accuracy_top-1: 39.6400, accuracy_top-5: 90.6000
2023-02-06 17:55:57,076 - mmcls - INFO - Epoch [20][100/391]	lr: 1.000e-01, eta: 1:47:02, time: 0.225, data_time: 0.021, memory: 3684, loss: 1.6373
2023-02-06 17:56:17,510 - mmcls - INFO - Epoch [20][200/391]	lr: 1.000e-01, eta: 1:47:07, time: 0.204, data_time: 0.000, memory: 3684, loss: 1.6308
2023-02-06 17:56:37,893 - mmcls - INFO - Epoch [20][300/391]	lr: 1.000e-01, eta: 1:47:11, time: 0.204, data_time: 0.000, memory: 3684, loss: 1.6253
2023-02-06 17:56:56,261 - mmcls - INFO - Saving checkpoint at 20 epochs
2023-02-06 17:57:04,222 - mmcls - INFO - Epoch(val) [20][79]	accuracy_top-1: 43.8600, accuracy_top-5: 92.0300
2023-02-06 17:57:26,659 - mmcls - INFO - Epoch [21][100/391]	lr: 1.000e-01, eta: 1:45:56, time: 0.224, data_time: 0.021, memory: 3684, loss: 1.5707
2023-02-06 17:57:47,070 - mmcls - INFO - Epoch [21][200/391]	lr: 1.000e-01, eta: 1:45:59, time: 0.204, data_time: 0.000, memory: 3684, loss: 1.5757
2023-02-06 17:58:07,348 - mmcls - INFO - Epoch [21][300/391]	lr: 1.000e-01, eta: 1:46:02, time: 0.203, data_time: 0.000, memory: 3684, loss: 1.5270
2023-02-06 17:58:32,513 - mmcls - INFO - Epoch(val) [21][79]	accuracy_top-1: 44.6700, accuracy_top-5: 92.1400
2023-02-06 17:58:55,292 - mmcls - INFO - Epoch [22][100/391]	lr: 1.000e-01, eta: 1:44:51, time: 0.228, data_time: 0.021, memory: 3684, loss: 1.5165
2023-02-06 17:59:15,618 - mmcls - INFO - Epoch [22][200/391]	lr: 1.000e-01, eta: 1:44:53, time: 0.203, data_time: 0.000, memory: 3684, loss: 1.5471
2023-02-06 17:59:36,026 - mmcls - INFO - Epoch [22][300/391]	lr: 1.000e-01, eta: 1:44:55, time: 0.204, data_time: 0.000, memory: 3684, loss: 1.4522
2023-02-06 18:00:01,155 - mmcls - INFO - Epoch(val) [22][79]	accuracy_top-1: 44.7100, accuracy_top-5: 91.2300
2023-02-06 18:00:23,806 - mmcls - INFO - Epoch [23][100/391]	lr: 1.000e-01, eta: 1:43:46, time: 0.226, data_time: 0.021, memory: 3684, loss: 1.4681
2023-02-06 18:00:44,213 - mmcls - INFO - Epoch [23][200/391]	lr: 1.000e-01, eta: 1:43:47, time: 0.204, data_time: 0.000, memory: 3684, loss: 1.4310
2023-02-06 18:01:04,866 - mmcls - INFO - Epoch [23][300/391]	lr: 1.000e-01, eta: 1:43:49, time: 0.207, data_time: 0.000, memory: 3684, loss: 1.4141
2023-02-06 18:01:30,161 - mmcls - INFO - Epoch(val) [23][79]	accuracy_top-1: 49.2200, accuracy_top-5: 93.6200
2023-02-06 18:01:53,174 - mmcls - INFO - Epoch [24][100/391]	lr: 1.000e-01, eta: 1:42:44, time: 0.230, data_time: 0.021, memory: 3684, loss: 1.5123
2023-02-06 18:02:13,580 - mmcls - INFO - Epoch [24][200/391]	lr: 1.000e-01, eta: 1:42:44, time: 0.204, data_time: 0.000, memory: 3684, loss: 1.4699
2023-02-06 18:02:33,900 - mmcls - INFO - Epoch [24][300/391]	lr: 1.000e-01, eta: 1:42:44, time: 0.203, data_time: 0.000, memory: 3684, loss: 1.3910
2023-02-06 18:02:59,207 - mmcls - INFO - Epoch(val) [24][79]	accuracy_top-1: 51.6700, accuracy_top-5: 94.3500
2023-02-06 18:03:21,639 - mmcls - INFO - Epoch [25][100/391]	lr: 1.000e-01, eta: 1:41:38, time: 0.224, data_time: 0.021, memory: 3684, loss: 1.4343
2023-02-06 18:03:42,048 - mmcls - INFO - Epoch [25][200/391]	lr: 1.000e-01, eta: 1:41:37, time: 0.204, data_time: 0.000, memory: 3684, loss: 1.7669
2023-02-06 18:04:02,372 - mmcls - INFO - Epoch [25][300/391]	lr: 1.000e-01, eta: 1:41:36, time: 0.203, data_time: 0.000, memory: 3684, loss: 1.5712
2023-02-06 18:04:27,754 - mmcls - INFO - Epoch(val) [25][79]	accuracy_top-1: 49.4300, accuracy_top-5: 93.6600
2023-02-06 18:04:50,294 - mmcls - INFO - Epoch [26][100/391]	lr: 1.000e-01, eta: 1:40:32, time: 0.225, data_time: 0.021, memory: 3684, loss: 1.4137
2023-02-06 18:05:10,539 - mmcls - INFO - Epoch [26][200/391]	lr: 1.000e-01, eta: 1:40:31, time: 0.202, data_time: 0.000, memory: 3684, loss: 1.3569
2023-02-06 18:05:30,863 - mmcls - INFO - Epoch [26][300/391]	lr: 1.000e-01, eta: 1:40:29, time: 0.203, data_time: 0.000, memory: 3684, loss: 1.3256
2023-02-06 18:05:56,085 - mmcls - INFO - Epoch(val) [26][79]	accuracy_top-1: 52.3800, accuracy_top-5: 93.8800
2023-02-06 18:06:18,536 - mmcls - INFO - Epoch [27][100/391]	lr: 1.000e-01, eta: 1:39:26, time: 0.224, data_time: 0.021, memory: 3684, loss: 1.2522
2023-02-06 18:06:38,952 - mmcls - INFO - Epoch [27][200/391]	lr: 1.000e-01, eta: 1:39:25, time: 0.204, data_time: 0.000, memory: 3684, loss: 1.4335
2023-02-06 18:06:59,346 - mmcls - INFO - Epoch [27][300/391]	lr: 1.000e-01, eta: 1:39:22, time: 0.204, data_time: 0.000, memory: 3684, loss: 1.3985
2023-02-06 18:07:24,544 - mmcls - INFO - Epoch(val) [27][79]	accuracy_top-1: 45.7300, accuracy_top-5: 90.9900
2023-02-06 18:07:47,070 - mmcls - INFO - Epoch [28][100/391]	lr: 1.000e-01, eta: 1:38:22, time: 0.225, data_time: 0.021, memory: 3684, loss: 1.6511
2023-02-06 18:08:07,515 - mmcls - INFO - Epoch [28][200/391]	lr: 1.000e-01, eta: 1:38:19, time: 0.204, data_time: 0.000, memory: 3684, loss: 1.4479
2023-02-06 18:08:28,045 - mmcls - INFO - Epoch [28][300/391]	lr: 1.000e-01, eta: 1:38:17, time: 0.205, data_time: 0.000, memory: 3684, loss: 1.3479
2023-02-06 18:08:53,315 - mmcls - INFO - Epoch(val) [28][79]	accuracy_top-1: 56.6500, accuracy_top-5: 94.9200
2023-02-06 18:09:15,903 - mmcls - INFO - Epoch [29][100/391]	lr: 1.000e-01, eta: 1:37:18, time: 0.226, data_time: 0.021, memory: 3684, loss: 1.2417
2023-02-06 18:09:36,459 - mmcls - INFO - Epoch [29][200/391]	lr: 1.000e-01, eta: 1:37:15, time: 0.206, data_time: 0.000, memory: 3684, loss: 1.2122
2023-02-06 18:09:57,005 - mmcls - INFO - Epoch [29][300/391]	lr: 1.000e-01, eta: 1:37:12, time: 0.205, data_time: 0.000, memory: 3684, loss: 1.2422
2023-02-06 18:10:22,305 - mmcls - INFO - Epoch(val) [29][79]	accuracy_top-1: 53.7300, accuracy_top-5: 94.3500
2023-02-06 18:10:44,672 - mmcls - INFO - Epoch [30][100/391]	lr: 1.000e-01, eta: 1:36:13, time: 0.224, data_time: 0.021, memory: 3684, loss: 1.1690
2023-02-06 18:11:05,172 - mmcls - INFO - Epoch [30][200/391]	lr: 1.000e-01, eta: 1:36:10, time: 0.205, data_time: 0.000, memory: 3684, loss: 1.2425
2023-02-06 18:11:25,588 - mmcls - INFO - Epoch [30][300/391]	lr: 1.000e-01, eta: 1:36:06, time: 0.204, data_time: 0.000, memory: 3684, loss: 1.4901
2023-02-06 18:11:50,768 - mmcls - INFO - Epoch(val) [30][79]	accuracy_top-1: 55.5500, accuracy_top-5: 95.0800
2023-02-06 18:12:13,420 - mmcls - INFO - Epoch [31][100/391]	lr: 1.000e-01, eta: 1:35:10, time: 0.226, data_time: 0.021, memory: 3684, loss: 1.2481
2023-02-06 18:12:33,967 - mmcls - INFO - Epoch [31][200/391]	lr: 1.000e-01, eta: 1:35:06, time: 0.205, data_time: 0.000, memory: 3684, loss: 1.2503
2023-02-06 18:12:54,505 - mmcls - INFO - Epoch [31][300/391]	lr: 1.000e-01, eta: 1:35:02, time: 0.205, data_time: 0.000, memory: 3684, loss: 1.9368
2023-02-06 18:13:19,607 - mmcls - INFO - Epoch(val) [31][79]	accuracy_top-1: 29.1100, accuracy_top-5: 86.7200
2023-02-06 18:13:42,103 - mmcls - INFO - Epoch [32][100/391]	lr: 1.000e-01, eta: 1:34:06, time: 0.225, data_time: 0.021, memory: 3684, loss: 1.7914
2023-02-06 18:14:02,517 - mmcls - INFO - Epoch [32][200/391]	lr: 1.000e-01, eta: 1:34:01, time: 0.204, data_time: 0.000, memory: 3684, loss: 1.7314
2023-02-06 18:14:22,997 - mmcls - INFO - Epoch [32][300/391]	lr: 1.000e-01, eta: 1:33:56, time: 0.205, data_time: 0.000, memory: 3684, loss: 1.6556
2023-02-06 18:14:48,254 - mmcls - INFO - Epoch(val) [32][79]	accuracy_top-1: 43.1900, accuracy_top-5: 91.4100
2023-02-06 18:15:10,827 - mmcls - INFO - Epoch [33][100/391]	lr: 1.000e-01, eta: 1:33:02, time: 0.226, data_time: 0.021, memory: 3684, loss: 1.5498
2023-02-06 18:15:31,239 - mmcls - INFO - Epoch [33][200/391]	lr: 1.000e-01, eta: 1:32:57, time: 0.204, data_time: 0.000, memory: 3684, loss: 1.5125
2023-02-06 18:15:51,695 - mmcls - INFO - Epoch [33][300/391]	lr: 1.000e-01, eta: 1:32:51, time: 0.205, data_time: 0.000, memory: 3684, loss: 1.4766
2023-02-06 18:16:16,843 - mmcls - INFO - Epoch(val) [33][79]	accuracy_top-1: 46.9000, accuracy_top-5: 93.5000
2023-02-06 18:16:39,287 - mmcls - INFO - Epoch [34][100/391]	lr: 1.000e-01, eta: 1:31:57, time: 0.224, data_time: 0.021, memory: 3684, loss: 1.4207
2023-02-06 18:16:59,515 - mmcls - INFO - Epoch [34][200/391]	lr: 1.000e-01, eta: 1:31:51, time: 0.202, data_time: 0.000, memory: 3684, loss: 1.3760
2023-02-06 18:17:19,802 - mmcls - INFO - Epoch [34][300/391]	lr: 1.000e-01, eta: 1:31:45, time: 0.203, data_time: 0.000, memory: 3684, loss: 1.3656
2023-02-06 18:17:44,993 - mmcls - INFO - Epoch(val) [34][79]	accuracy_top-1: 53.6000, accuracy_top-5: 94.4900
2023-02-06 18:18:07,455 - mmcls - INFO - Epoch [35][100/391]	lr: 1.000e-01, eta: 1:30:52, time: 0.225, data_time: 0.021, memory: 3684, loss: 1.3126
2023-02-06 18:18:27,776 - mmcls - INFO - Epoch [35][200/391]	lr: 1.000e-01, eta: 1:30:46, time: 0.203, data_time: 0.000, memory: 3684, loss: 1.3087
2023-02-06 18:18:48,128 - mmcls - INFO - Epoch [35][300/391]	lr: 1.000e-01, eta: 1:30:40, time: 0.204, data_time: 0.000, memory: 3684, loss: 1.2515
2023-02-06 18:19:13,319 - mmcls - INFO - Epoch(val) [35][79]	accuracy_top-1: 56.0500, accuracy_top-5: 94.1900
2023-02-06 18:19:35,804 - mmcls - INFO - Epoch [36][100/391]	lr: 1.000e-01, eta: 1:29:47, time: 0.225, data_time: 0.021, memory: 3684, loss: 1.2195
2023-02-06 18:19:56,236 - mmcls - INFO - Epoch [36][200/391]	lr: 1.000e-01, eta: 1:29:41, time: 0.204, data_time: 0.000, memory: 3684, loss: 1.1972
2023-02-06 18:20:16,732 - mmcls - INFO - Epoch [36][300/391]	lr: 1.000e-01, eta: 1:29:35, time: 0.205, data_time: 0.000, memory: 3684, loss: 1.4066
2023-02-06 18:20:42,041 - mmcls - INFO - Epoch(val) [36][79]	accuracy_top-1: 55.4300, accuracy_top-5: 93.9100
2023-02-06 18:21:04,521 - mmcls - INFO - Epoch [37][100/391]	lr: 1.000e-01, eta: 1:28:43, time: 0.225, data_time: 0.021, memory: 3684, loss: 1.2841
2023-02-06 18:21:24,839 - mmcls - INFO - Epoch [37][200/391]	lr: 1.000e-01, eta: 1:28:37, time: 0.203, data_time: 0.000, memory: 3684, loss: 1.2392
2023-02-06 18:21:45,199 - mmcls - INFO - Epoch [37][300/391]	lr: 1.000e-01, eta: 1:28:29, time: 0.204, data_time: 0.000, memory: 3684, loss: 1.2070
2023-02-06 18:22:10,464 - mmcls - INFO - Epoch(val) [37][79]	accuracy_top-1: 58.7000, accuracy_top-5: 95.0600
2023-02-06 18:22:32,947 - mmcls - INFO - Epoch [38][100/391]	lr: 1.000e-01, eta: 1:27:39, time: 0.225, data_time: 0.021, memory: 3684, loss: 1.2331
2023-02-06 18:22:53,171 - mmcls - INFO - Epoch [38][200/391]	lr: 1.000e-01, eta: 1:27:31, time: 0.202, data_time: 0.000, memory: 3684, loss: 1.2695
2023-02-06 18:23:13,502 - mmcls - INFO - Epoch [38][300/391]	lr: 1.000e-01, eta: 1:27:24, time: 0.203, data_time: 0.000, memory: 3684, loss: 1.1891
2023-02-06 18:23:38,677 - mmcls - INFO - Epoch(val) [38][79]	accuracy_top-1: 59.7100, accuracy_top-5: 95.2300
2023-02-06 18:24:01,049 - mmcls - INFO - Epoch [39][100/391]	lr: 1.000e-01, eta: 1:26:34, time: 0.224, data_time: 0.021, memory: 3684, loss: 1.1565
2023-02-06 18:24:21,341 - mmcls - INFO - Epoch [39][200/391]	lr: 1.000e-01, eta: 1:26:26, time: 0.203, data_time: 0.000, memory: 3684, loss: 1.0983
2023-02-06 18:24:41,799 - mmcls - INFO - Epoch [39][300/391]	lr: 1.000e-01, eta: 1:26:19, time: 0.205, data_time: 0.000, memory: 3684, loss: 1.0820
2023-02-06 18:25:06,920 - mmcls - INFO - Epoch(val) [39][79]	accuracy_top-1: 59.9600, accuracy_top-5: 95.6100
2023-02-06 18:25:29,324 - mmcls - INFO - Epoch [40][100/391]	lr: 1.000e-01, eta: 1:25:30, time: 0.224, data_time: 0.021, memory: 3684, loss: 1.3299
2023-02-06 18:25:49,819 - mmcls - INFO - Epoch [40][200/391]	lr: 1.000e-01, eta: 1:25:22, time: 0.205, data_time: 0.000, memory: 3684, loss: 1.4250
2023-02-06 18:26:10,253 - mmcls - INFO - Epoch [40][300/391]	lr: 1.000e-01, eta: 1:25:14, time: 0.204, data_time: 0.000, memory: 3684, loss: 1.4577
2023-02-06 18:26:28,679 - mmcls - INFO - Saving checkpoint at 40 epochs
2023-02-06 18:26:36,721 - mmcls - INFO - Epoch(val) [40][79]	accuracy_top-1: 56.6600, accuracy_top-5: 94.7900
2023-02-06 18:26:59,244 - mmcls - INFO - Epoch [41][100/391]	lr: 1.000e-01, eta: 1:24:26, time: 0.225, data_time: 0.021, memory: 3684, loss: 1.2040
2023-02-06 18:27:19,652 - mmcls - INFO - Epoch [41][200/391]	lr: 1.000e-01, eta: 1:24:18, time: 0.204, data_time: 0.000, memory: 3684, loss: 1.1531
2023-02-06 18:27:39,883 - mmcls - INFO - Epoch [41][300/391]	lr: 1.000e-01, eta: 1:24:09, time: 0.202, data_time: 0.000, memory: 3684, loss: 1.1482
2023-02-06 18:28:04,972 - mmcls - INFO - Epoch(val) [41][79]	accuracy_top-1: 63.2500, accuracy_top-5: 96.3900
2023-02-06 18:28:27,470 - mmcls - INFO - Epoch [42][100/391]	lr: 1.000e-01, eta: 1:23:22, time: 0.225, data_time: 0.021, memory: 3684, loss: 1.5268
2023-02-06 18:28:47,719 - mmcls - INFO - Epoch [42][200/391]	lr: 1.000e-01, eta: 1:23:13, time: 0.202, data_time: 0.000, memory: 3684, loss: 1.7736
2023-02-06 18:29:08,036 - mmcls - INFO - Epoch [42][300/391]	lr: 1.000e-01, eta: 1:23:04, time: 0.203, data_time: 0.000, memory: 3684, loss: 1.5392
2023-02-06 18:29:33,212 - mmcls - INFO - Epoch(val) [42][79]	accuracy_top-1: 52.8000, accuracy_top-5: 93.8400
2023-02-06 18:29:55,636 - mmcls - INFO - Epoch [43][100/391]	lr: 1.000e-01, eta: 1:22:17, time: 0.224, data_time: 0.021, memory: 3684, loss: 1.3516
2023-02-06 18:30:15,922 - mmcls - INFO - Epoch [43][200/391]	lr: 1.000e-01, eta: 1:22:08, time: 0.203, data_time: 0.000, memory: 3684, loss: 1.3965
2023-02-06 18:30:36,219 - mmcls - INFO - Epoch [43][300/391]	lr: 1.000e-01, eta: 1:21:59, time: 0.203, data_time: 0.000, memory: 3684, loss: 1.3481
2023-02-06 18:31:01,459 - mmcls - INFO - Epoch(val) [43][79]	accuracy_top-1: 54.3900, accuracy_top-5: 94.9900
2023-02-06 18:31:23,972 - mmcls - INFO - Epoch [44][100/391]	lr: 1.000e-01, eta: 1:21:13, time: 0.225, data_time: 0.021, memory: 3684, loss: 1.2939
2023-02-06 18:31:44,363 - mmcls - INFO - Epoch [44][200/391]	lr: 1.000e-01, eta: 1:21:04, time: 0.204, data_time: 0.000, memory: 3684, loss: 1.2128
2023-02-06 18:32:04,823 - mmcls - INFO - Epoch [44][300/391]	lr: 1.000e-01, eta: 1:20:55, time: 0.205, data_time: 0.000, memory: 3684, loss: 1.1845
2023-02-06 18:32:30,115 - mmcls - INFO - Epoch(val) [44][79]	accuracy_top-1: 60.0000, accuracy_top-5: 95.6600
2023-02-06 18:32:52,609 - mmcls - INFO - Epoch [45][100/391]	lr: 1.000e-01, eta: 1:20:09, time: 0.225, data_time: 0.021, memory: 3684, loss: 1.2041
2023-02-06 18:33:12,944 - mmcls - INFO - Epoch [45][200/391]	lr: 1.000e-01, eta: 1:20:00, time: 0.203, data_time: 0.000, memory: 3684, loss: 1.1808
2023-02-06 18:33:33,291 - mmcls - INFO - Epoch [45][300/391]	lr: 1.000e-01, eta: 1:19:50, time: 0.203, data_time: 0.000, memory: 3684, loss: 1.1099
2023-02-06 18:33:58,502 - mmcls - INFO - Epoch(val) [45][79]	accuracy_top-1: 59.3200, accuracy_top-5: 95.3700
2023-02-06 18:34:20,941 - mmcls - INFO - Epoch [46][100/391]	lr: 1.000e-01, eta: 1:19:05, time: 0.224, data_time: 0.021, memory: 3684, loss: 1.1532
2023-02-06 18:34:41,779 - mmcls - INFO - Epoch [46][200/391]	lr: 1.000e-01, eta: 1:18:56, time: 0.208, data_time: 0.000, memory: 3684, loss: 1.4916
2023-02-06 18:35:09,127 - mmcls - INFO - Epoch [46][300/391]	lr: 1.000e-01, eta: 1:18:58, time: 0.273, data_time: 0.000, memory: 3684, loss: 1.5982
2023-02-06 18:35:40,694 - mmcls - INFO - Epoch(val) [46][79]	accuracy_top-1: 37.6300, accuracy_top-5: 85.8700
2023-02-06 18:36:03,147 - mmcls - INFO - Epoch [47][100/391]	lr: 1.000e-01, eta: 1:18:13, time: 0.224, data_time: 0.021, memory: 3684, loss: 1.4594
2023-02-06 18:36:23,624 - mmcls - INFO - Epoch [47][200/391]	lr: 1.000e-01, eta: 1:18:03, time: 0.205, data_time: 0.000, memory: 3684, loss: 1.3515
2023-02-06 18:36:43,968 - mmcls - INFO - Epoch [47][300/391]	lr: 1.000e-01, eta: 1:17:53, time: 0.203, data_time: 0.000, memory: 3684, loss: 1.5111
2023-02-06 18:37:09,085 - mmcls - INFO - Epoch(val) [47][79]	accuracy_top-1: 48.7100, accuracy_top-5: 92.5200
2023-02-06 18:37:31,380 - mmcls - INFO - Epoch [48][100/391]	lr: 1.000e-01, eta: 1:17:08, time: 0.223, data_time: 0.021, memory: 3684, loss: 1.3846
2023-02-06 18:37:51,613 - mmcls - INFO - Epoch [48][200/391]	lr: 1.000e-01, eta: 1:16:58, time: 0.202, data_time: 0.000, memory: 3684, loss: 1.2773
2023-02-06 18:38:11,980 - mmcls - INFO - Epoch [48][300/391]	lr: 1.000e-01, eta: 1:16:48, time: 0.204, data_time: 0.000, memory: 3684, loss: 1.2241
2023-02-06 18:38:37,064 - mmcls - INFO - Epoch(val) [48][79]	accuracy_top-1: 56.4100, accuracy_top-5: 94.9000
2023-02-06 18:38:59,372 - mmcls - INFO - Epoch [49][100/391]	lr: 1.000e-01, eta: 1:16:04, time: 0.223, data_time: 0.021, memory: 3684, loss: 1.2150
2023-02-06 18:39:19,642 - mmcls - INFO - Epoch [49][200/391]	lr: 1.000e-01, eta: 1:15:53, time: 0.203, data_time: 0.000, memory: 3684, loss: 1.1665
2023-02-06 18:39:40,143 - mmcls - INFO - Epoch [49][300/391]	lr: 1.000e-01, eta: 1:15:43, time: 0.205, data_time: 0.000, memory: 3684, loss: 1.1857
2023-02-06 18:40:05,290 - mmcls - INFO - Epoch(val) [49][79]	accuracy_top-1: 61.0800, accuracy_top-5: 95.9800
2023-02-06 18:40:27,580 - mmcls - INFO - Epoch [50][100/391]	lr: 1.000e-01, eta: 1:14:59, time: 0.223, data_time: 0.021, memory: 3684, loss: 1.1120
2023-02-06 18:40:47,913 - mmcls - INFO - Epoch [50][200/391]	lr: 1.000e-01, eta: 1:14:49, time: 0.203, data_time: 0.000, memory: 3684, loss: 1.1912
2023-02-06 18:41:08,212 - mmcls - INFO - Epoch [50][300/391]	lr: 1.000e-01, eta: 1:14:38, time: 0.203, data_time: 0.000, memory: 3684, loss: 1.1058
2023-02-06 18:41:33,146 - mmcls - INFO - Epoch(val) [50][79]	accuracy_top-1: 58.8500, accuracy_top-5: 95.3000
2023-02-06 18:41:55,442 - mmcls - INFO - Epoch [51][100/391]	lr: 1.000e-01, eta: 1:13:55, time: 0.223, data_time: 0.021, memory: 3684, loss: 1.0739
2023-02-06 18:42:15,813 - mmcls - INFO - Epoch [51][200/391]	lr: 1.000e-01, eta: 1:13:44, time: 0.204, data_time: 0.000, memory: 3684, loss: 1.1595
2023-02-06 18:42:36,107 - mmcls - INFO - Epoch [51][300/391]	lr: 1.000e-01, eta: 1:13:33, time: 0.203, data_time: 0.000, memory: 3684, loss: 1.1884
2023-02-06 18:43:01,430 - mmcls - INFO - Epoch(val) [51][79]	accuracy_top-1: 60.9800, accuracy_top-5: 95.7900
2023-02-06 18:43:23,903 - mmcls - INFO - Epoch [52][100/391]	lr: 1.000e-01, eta: 1:12:50, time: 0.225, data_time: 0.021, memory: 3684, loss: 1.0666
2023-02-06 18:43:44,430 - mmcls - INFO - Epoch [52][200/391]	lr: 1.000e-01, eta: 1:12:40, time: 0.205, data_time: 0.000, memory: 3684, loss: 1.1554
2023-02-06 18:44:04,840 - mmcls - INFO - Epoch [52][300/391]	lr: 1.000e-01, eta: 1:12:29, time: 0.204, data_time: 0.000, memory: 3684, loss: 1.1152
2023-02-06 18:44:30,014 - mmcls - INFO - Epoch(val) [52][79]	accuracy_top-1: 62.2100, accuracy_top-5: 96.0400
2023-02-06 18:44:52,450 - mmcls - INFO - Epoch [53][100/391]	lr: 1.000e-01, eta: 1:11:47, time: 0.224, data_time: 0.021, memory: 3684, loss: 1.1230
2023-02-06 18:45:12,671 - mmcls - INFO - Epoch [53][200/391]	lr: 1.000e-01, eta: 1:11:35, time: 0.202, data_time: 0.000, memory: 3684, loss: 1.0396
2023-02-06 18:45:32,953 - mmcls - INFO - Epoch [53][300/391]	lr: 1.000e-01, eta: 1:11:24, time: 0.203, data_time: 0.000, memory: 3684, loss: 1.0338
2023-02-06 18:45:58,143 - mmcls - INFO - Epoch(val) [53][79]	accuracy_top-1: 63.1500, accuracy_top-5: 96.6700
2023-02-06 18:46:20,687 - mmcls - INFO - Epoch [54][100/391]	lr: 1.000e-01, eta: 1:10:42, time: 0.225, data_time: 0.021, memory: 3684, loss: 1.0466
2023-02-06 18:46:41,025 - mmcls - INFO - Epoch [54][200/391]	lr: 1.000e-01, eta: 1:10:31, time: 0.203, data_time: 0.000, memory: 3684, loss: 1.0342
2023-02-06 18:47:01,243 - mmcls - INFO - Epoch [54][300/391]	lr: 1.000e-01, eta: 1:10:20, time: 0.202, data_time: 0.000, memory: 3684, loss: 0.9909
2023-02-06 18:47:26,274 - mmcls - INFO - Epoch(val) [54][79]	accuracy_top-1: 67.1900, accuracy_top-5: 96.8900
2023-02-06 18:47:48,989 - mmcls - INFO - Epoch [55][100/391]	lr: 1.000e-01, eta: 1:09:38, time: 0.227, data_time: 0.021, memory: 3684, loss: 0.9839
2023-02-06 18:48:09,344 - mmcls - INFO - Epoch [55][200/391]	lr: 1.000e-01, eta: 1:09:27, time: 0.204, data_time: 0.000, memory: 3684, loss: 0.9278
2023-02-06 18:48:29,632 - mmcls - INFO - Epoch [55][300/391]	lr: 1.000e-01, eta: 1:09:16, time: 0.203, data_time: 0.000, memory: 3684, loss: 0.9164
2023-02-06 18:48:54,934 - mmcls - INFO - Epoch(val) [55][79]	accuracy_top-1: 67.1300, accuracy_top-5: 97.0900
2023-02-06 18:49:17,412 - mmcls - INFO - Epoch [56][100/391]	lr: 1.000e-01, eta: 1:08:34, time: 0.225, data_time: 0.021, memory: 3684, loss: 0.8865
2023-02-06 18:49:37,775 - mmcls - INFO - Epoch [56][200/391]	lr: 1.000e-01, eta: 1:08:23, time: 0.204, data_time: 0.000, memory: 3684, loss: 0.8894
2023-02-06 18:49:58,306 - mmcls - INFO - Epoch [56][300/391]	lr: 1.000e-01, eta: 1:08:11, time: 0.205, data_time: 0.000, memory: 3684, loss: 0.8773
2023-02-06 18:50:23,610 - mmcls - INFO - Epoch(val) [56][79]	accuracy_top-1: 68.9800, accuracy_top-5: 97.4400
2023-02-06 18:50:45,952 - mmcls - INFO - Epoch [57][100/391]	lr: 1.000e-01, eta: 1:07:30, time: 0.223, data_time: 0.021, memory: 3684, loss: 0.8503
2023-02-06 18:51:06,273 - mmcls - INFO - Epoch [57][200/391]	lr: 1.000e-01, eta: 1:07:19, time: 0.203, data_time: 0.000, memory: 3684, loss: 0.8435
2023-02-06 18:51:26,625 - mmcls - INFO - Epoch [57][300/391]	lr: 1.000e-01, eta: 1:07:07, time: 0.204, data_time: 0.000, memory: 3684, loss: 0.8179
2023-02-06 18:51:51,735 - mmcls - INFO - Epoch(val) [57][79]	accuracy_top-1: 70.3700, accuracy_top-5: 97.6100
2023-02-06 18:52:14,150 - mmcls - INFO - Epoch [58][100/391]	lr: 1.000e-01, eta: 1:06:26, time: 0.224, data_time: 0.021, memory: 3684, loss: 0.8094
2023-02-06 18:52:34,756 - mmcls - INFO - Epoch [58][200/391]	lr: 1.000e-01, eta: 1:06:15, time: 0.206, data_time: 0.000, memory: 3684, loss: 0.7979
2023-02-06 18:52:55,085 - mmcls - INFO - Epoch [58][300/391]	lr: 1.000e-01, eta: 1:06:03, time: 0.203, data_time: 0.000, memory: 3684, loss: 0.8112
2023-02-06 18:53:20,237 - mmcls - INFO - Epoch(val) [58][79]	accuracy_top-1: 72.1600, accuracy_top-5: 97.6900
2023-02-06 18:53:42,646 - mmcls - INFO - Epoch [59][100/391]	lr: 1.000e-01, eta: 1:05:23, time: 0.224, data_time: 0.021, memory: 3684, loss: 0.7856
2023-02-06 18:54:02,911 - mmcls - INFO - Epoch [59][200/391]	lr: 1.000e-01, eta: 1:05:11, time: 0.203, data_time: 0.000, memory: 3684, loss: 0.7738
2023-02-06 18:54:23,516 - mmcls - INFO - Epoch [59][300/391]	lr: 1.000e-01, eta: 1:04:59, time: 0.206, data_time: 0.000, memory: 3684, loss: 0.7928
2023-02-06 18:54:48,691 - mmcls - INFO - Epoch(val) [59][79]	accuracy_top-1: 73.3300, accuracy_top-5: 97.7200
2023-02-06 18:55:11,164 - mmcls - INFO - Epoch [60][100/391]	lr: 1.000e-01, eta: 1:04:19, time: 0.225, data_time: 0.021, memory: 3684, loss: 0.7637
2023-02-06 18:55:31,575 - mmcls - INFO - Epoch [60][200/391]	lr: 1.000e-01, eta: 1:04:07, time: 0.204, data_time: 0.000, memory: 3684, loss: 0.7445
2023-02-06 18:55:51,973 - mmcls - INFO - Epoch [60][300/391]	lr: 1.000e-01, eta: 1:03:55, time: 0.204, data_time: 0.000, memory: 3684, loss: 0.7576
2023-02-06 18:56:10,495 - mmcls - INFO - Saving checkpoint at 60 epochs
2023-02-06 18:56:18,471 - mmcls - INFO - Epoch(val) [60][79]	accuracy_top-1: 72.8600, accuracy_top-5: 97.9300
2023-02-06 18:56:40,809 - mmcls - INFO - Epoch [61][100/391]	lr: 1.000e-01, eta: 1:03:15, time: 0.223, data_time: 0.021, memory: 3684, loss: 0.7400
2023-02-06 18:57:01,323 - mmcls - INFO - Epoch [61][200/391]	lr: 1.000e-01, eta: 1:03:03, time: 0.205, data_time: 0.000, memory: 3684, loss: 0.7278
2023-02-06 18:57:21,653 - mmcls - INFO - Epoch [61][300/391]	lr: 1.000e-01, eta: 1:02:51, time: 0.203, data_time: 0.000, memory: 3684, loss: 0.7162
2023-02-06 18:57:46,845 - mmcls - INFO - Epoch(val) [61][79]	accuracy_top-1: 73.8900, accuracy_top-5: 98.0200
2023-02-06 18:58:09,276 - mmcls - INFO - Epoch [62][100/391]	lr: 1.000e-01, eta: 1:02:11, time: 0.224, data_time: 0.021, memory: 3684, loss: 0.7217
2023-02-06 18:58:29,677 - mmcls - INFO - Epoch [62][200/391]	lr: 1.000e-01, eta: 1:01:59, time: 0.204, data_time: 0.000, memory: 3684, loss: 0.7207
2023-02-06 18:58:49,907 - mmcls - INFO - Epoch [62][300/391]	lr: 1.000e-01, eta: 1:01:46, time: 0.202, data_time: 0.000, memory: 3684, loss: 0.7167
2023-02-06 18:59:14,928 - mmcls - INFO - Epoch(val) [62][79]	accuracy_top-1: 76.6200, accuracy_top-5: 98.3900
2023-02-06 18:59:37,382 - mmcls - INFO - Epoch [63][100/391]	lr: 1.000e-01, eta: 1:01:07, time: 0.224, data_time: 0.021, memory: 3684, loss: 0.6912
2023-02-06 18:59:57,803 - mmcls - INFO - Epoch [63][200/391]	lr: 1.000e-01, eta: 1:00:55, time: 0.204, data_time: 0.000, memory: 3684, loss: 0.6935
2023-02-06 19:00:18,048 - mmcls - INFO - Epoch [63][300/391]	lr: 1.000e-01, eta: 1:00:42, time: 0.202, data_time: 0.000, memory: 3684, loss: 0.6881
2023-02-06 19:00:43,288 - mmcls - INFO - Epoch(val) [63][79]	accuracy_top-1: 76.9200, accuracy_top-5: 98.2500
2023-02-06 19:01:05,841 - mmcls - INFO - Epoch [64][100/391]	lr: 1.000e-01, eta: 1:00:03, time: 0.225, data_time: 0.021, memory: 3684, loss: 0.6580
2023-02-06 19:01:26,284 - mmcls - INFO - Epoch [64][200/391]	lr: 1.000e-01, eta: 0:59:51, time: 0.204, data_time: 0.000, memory: 3684, loss: 0.6827
2023-02-06 19:01:46,611 - mmcls - INFO - Epoch [64][300/391]	lr: 1.000e-01, eta: 0:59:38, time: 0.203, data_time: 0.000, memory: 3684, loss: 0.6573
2023-02-06 19:02:11,759 - mmcls - INFO - Epoch(val) [64][79]	accuracy_top-1: 78.2400, accuracy_top-5: 98.6700
2023-02-06 19:02:34,314 - mmcls - INFO - Epoch [65][100/391]	lr: 1.000e-01, eta: 0:59:00, time: 0.226, data_time: 0.021, memory: 3684, loss: 0.6493
2023-02-06 19:02:54,710 - mmcls - INFO - Epoch [65][200/391]	lr: 1.000e-01, eta: 0:58:47, time: 0.204, data_time: 0.000, memory: 3684, loss: 0.6476
2023-02-06 19:03:14,971 - mmcls - INFO - Epoch [65][300/391]	lr: 1.000e-01, eta: 0:58:34, time: 0.203, data_time: 0.000, memory: 3684, loss: 0.6544
2023-02-06 19:03:40,217 - mmcls - INFO - Epoch(val) [65][79]	accuracy_top-1: 77.8900, accuracy_top-5: 98.5300
2023-02-06 19:04:02,586 - mmcls - INFO - Epoch [66][100/391]	lr: 1.000e-01, eta: 0:57:56, time: 0.224, data_time: 0.021, memory: 3684, loss: 0.6538
2023-02-06 19:04:22,825 - mmcls - INFO - Epoch [66][200/391]	lr: 1.000e-01, eta: 0:57:43, time: 0.202, data_time: 0.000, memory: 3684, loss: 0.6416
2023-02-06 19:04:43,353 - mmcls - INFO - Epoch [66][300/391]	lr: 1.000e-01, eta: 0:57:30, time: 0.205, data_time: 0.000, memory: 3684, loss: 0.6421
2023-02-06 19:05:08,612 - mmcls - INFO - Epoch(val) [66][79]	accuracy_top-1: 77.2400, accuracy_top-5: 98.4700
2023-02-06 19:05:30,986 - mmcls - INFO - Epoch [67][100/391]	lr: 1.000e-01, eta: 0:56:52, time: 0.224, data_time: 0.021, memory: 3684, loss: 0.6074
2023-02-06 19:05:51,469 - mmcls - INFO - Epoch [67][200/391]	lr: 1.000e-01, eta: 0:56:39, time: 0.205, data_time: 0.000, memory: 3684, loss: 0.6370
2023-02-06 19:06:11,781 - mmcls - INFO - Epoch [67][300/391]	lr: 1.000e-01, eta: 0:56:26, time: 0.203, data_time: 0.000, memory: 3684, loss: 0.6406
2023-02-06 19:06:37,002 - mmcls - INFO - Epoch(val) [67][79]	accuracy_top-1: 78.5300, accuracy_top-5: 98.5400
2023-02-06 19:06:59,487 - mmcls - INFO - Epoch [68][100/391]	lr: 1.000e-01, eta: 0:55:48, time: 0.225, data_time: 0.021, memory: 3684, loss: 0.6007
2023-02-06 19:07:19,922 - mmcls - INFO - Epoch [68][200/391]	lr: 1.000e-01, eta: 0:55:35, time: 0.204, data_time: 0.000, memory: 3684, loss: 0.6427
2023-02-06 19:07:40,321 - mmcls - INFO - Epoch [68][300/391]	lr: 1.000e-01, eta: 0:55:22, time: 0.204, data_time: 0.000, memory: 3684, loss: 0.6145
2023-02-06 19:08:05,351 - mmcls - INFO - Epoch(val) [68][79]	accuracy_top-1: 78.5900, accuracy_top-5: 98.1000
2023-02-06 19:08:27,802 - mmcls - INFO - Epoch [69][100/391]	lr: 1.000e-01, eta: 0:54:45, time: 0.224, data_time: 0.021, memory: 3684, loss: 0.5967
2023-02-06 19:08:48,139 - mmcls - INFO - Epoch [69][200/391]	lr: 1.000e-01, eta: 0:54:32, time: 0.203, data_time: 0.000, memory: 3684, loss: 0.6121
2023-02-06 19:09:08,700 - mmcls - INFO - Epoch [69][300/391]	lr: 1.000e-01, eta: 0:54:18, time: 0.206, data_time: 0.000, memory: 3684, loss: 0.6110
2023-02-06 19:09:33,969 - mmcls - INFO - Epoch(val) [69][79]	accuracy_top-1: 79.7800, accuracy_top-5: 98.7500
2023-02-06 19:09:56,524 - mmcls - INFO - Epoch [70][100/391]	lr: 1.000e-01, eta: 0:53:41, time: 0.225, data_time: 0.021, memory: 3684, loss: 0.5835
2023-02-06 19:10:17,096 - mmcls - INFO - Epoch [70][200/391]	lr: 1.000e-01, eta: 0:53:28, time: 0.206, data_time: 0.000, memory: 3684, loss: 0.5939
2023-02-06 19:10:37,764 - mmcls - INFO - Epoch [70][300/391]	lr: 1.000e-01, eta: 0:53:15, time: 0.207, data_time: 0.000, memory: 3684, loss: 0.6045
2023-02-06 19:11:03,242 - mmcls - INFO - Epoch(val) [70][79]	accuracy_top-1: 80.4900, accuracy_top-5: 98.7800
2023-02-06 19:11:25,874 - mmcls - INFO - Epoch [71][100/391]	lr: 1.000e-02, eta: 0:52:38, time: 0.226, data_time: 0.021, memory: 3684, loss: 0.5162
2023-02-06 19:11:46,411 - mmcls - INFO - Epoch [71][200/391]	lr: 1.000e-02, eta: 0:52:25, time: 0.205, data_time: 0.000, memory: 3684, loss: 0.4791
2023-02-06 19:12:06,769 - mmcls - INFO - Epoch [71][300/391]	lr: 1.000e-02, eta: 0:52:11, time: 0.204, data_time: 0.000, memory: 3684, loss: 0.4695
2023-02-06 19:12:31,972 - mmcls - INFO - Epoch(val) [71][79]	accuracy_top-1: 84.4100, accuracy_top-5: 99.1100
2023-02-06 19:12:54,390 - mmcls - INFO - Epoch [72][100/391]	lr: 1.000e-02, eta: 0:51:34, time: 0.224, data_time: 0.021, memory: 3684, loss: 0.4616
2023-02-06 19:13:15,041 - mmcls - INFO - Epoch [72][200/391]	lr: 1.000e-02, eta: 0:51:21, time: 0.206, data_time: 0.000, memory: 3684, loss: 0.4476
2023-02-06 19:13:35,367 - mmcls - INFO - Epoch [72][300/391]	lr: 1.000e-02, eta: 0:51:08, time: 0.203, data_time: 0.000, memory: 3684, loss: 0.4507
2023-02-06 19:14:00,887 - mmcls - INFO - Epoch(val) [72][79]	accuracy_top-1: 84.7600, accuracy_top-5: 99.1900
2023-02-06 19:14:23,379 - mmcls - INFO - Epoch [73][100/391]	lr: 1.000e-02, eta: 0:50:31, time: 0.225, data_time: 0.021, memory: 3684, loss: 0.4329
2023-02-06 19:14:44,071 - mmcls - INFO - Epoch [73][200/391]	lr: 1.000e-02, eta: 0:50:17, time: 0.207, data_time: 0.000, memory: 3684, loss: 0.4391
2023-02-06 19:15:04,554 - mmcls - INFO - Epoch [73][300/391]	lr: 1.000e-02, eta: 0:50:04, time: 0.205, data_time: 0.000, memory: 3684, loss: 0.4345
2023-02-06 19:15:29,893 - mmcls - INFO - Epoch(val) [73][79]	accuracy_top-1: 85.2300, accuracy_top-5: 99.2100
2023-02-06 19:15:52,613 - mmcls - INFO - Epoch [74][100/391]	lr: 1.000e-02, eta: 0:49:28, time: 0.227, data_time: 0.021, memory: 3684, loss: 0.4182
2023-02-06 19:16:13,024 - mmcls - INFO - Epoch [74][200/391]	lr: 1.000e-02, eta: 0:49:14, time: 0.204, data_time: 0.000, memory: 3684, loss: 0.4176
2023-02-06 19:16:33,374 - mmcls - INFO - Epoch [74][300/391]	lr: 1.000e-02, eta: 0:49:00, time: 0.203, data_time: 0.000, memory: 3684, loss: 0.4332
2023-02-06 19:16:58,575 - mmcls - INFO - Epoch(val) [74][79]	accuracy_top-1: 84.9100, accuracy_top-5: 99.2300
2023-02-06 19:17:21,268 - mmcls - INFO - Epoch [75][100/391]	lr: 1.000e-02, eta: 0:48:24, time: 0.227, data_time: 0.021, memory: 3684, loss: 0.4223
2023-02-06 19:17:41,825 - mmcls - INFO - Epoch [75][200/391]	lr: 1.000e-02, eta: 0:48:10, time: 0.206, data_time: 0.000, memory: 3684, loss: 0.4095
2023-02-06 19:18:02,367 - mmcls - INFO - Epoch [75][300/391]	lr: 1.000e-02, eta: 0:47:57, time: 0.205, data_time: 0.000, memory: 3684, loss: 0.4202
2023-02-06 19:18:27,567 - mmcls - INFO - Epoch(val) [75][79]	accuracy_top-1: 85.3400, accuracy_top-5: 99.2900
2023-02-06 19:18:50,309 - mmcls - INFO - Epoch [76][100/391]	lr: 1.000e-02, eta: 0:47:21, time: 0.227, data_time: 0.021, memory: 3684, loss: 0.4003
2023-02-06 19:19:10,778 - mmcls - INFO - Epoch [76][200/391]	lr: 1.000e-02, eta: 0:47:07, time: 0.205, data_time: 0.000, memory: 3684, loss: 0.4022
2023-02-06 19:19:31,187 - mmcls - INFO - Epoch [76][300/391]	lr: 1.000e-02, eta: 0:46:53, time: 0.204, data_time: 0.000, memory: 3684, loss: 0.4294
2023-02-06 19:19:56,413 - mmcls - INFO - Epoch(val) [76][79]	accuracy_top-1: 85.5000, accuracy_top-5: 99.3000
2023-02-06 19:20:18,966 - mmcls - INFO - Epoch [77][100/391]	lr: 1.000e-02, eta: 0:46:17, time: 0.225, data_time: 0.021, memory: 3684, loss: 0.4036
2023-02-06 19:20:39,641 - mmcls - INFO - Epoch [77][200/391]	lr: 1.000e-02, eta: 0:46:03, time: 0.207, data_time: 0.000, memory: 3684, loss: 0.4080
2023-02-06 19:21:00,248 - mmcls - INFO - Epoch [77][300/391]	lr: 1.000e-02, eta: 0:45:50, time: 0.206, data_time: 0.000, memory: 3684, loss: 0.4176
2023-02-06 19:21:26,364 - mmcls - INFO - Epoch(val) [77][79]	accuracy_top-1: 85.4600, accuracy_top-5: 99.2500
2023-02-06 19:21:49,105 - mmcls - INFO - Epoch [78][100/391]	lr: 1.000e-02, eta: 0:45:14, time: 0.227, data_time: 0.021, memory: 3684, loss: 0.3881
2023-02-06 19:22:09,606 - mmcls - INFO - Epoch [78][200/391]	lr: 1.000e-02, eta: 0:45:00, time: 0.205, data_time: 0.000, memory: 3684, loss: 0.4055
2023-02-06 19:22:30,408 - mmcls - INFO - Epoch [78][300/391]	lr: 1.000e-02, eta: 0:44:46, time: 0.208, data_time: 0.000, memory: 3684, loss: 0.4006
2023-02-06 19:22:55,841 - mmcls - INFO - Epoch(val) [78][79]	accuracy_top-1: 85.4000, accuracy_top-5: 99.3000
2023-02-06 19:23:18,348 - mmcls - INFO - Epoch [79][100/391]	lr: 1.000e-02, eta: 0:44:11, time: 0.225, data_time: 0.021, memory: 3684, loss: 0.3970
2023-02-06 19:23:38,613 - mmcls - INFO - Epoch [79][200/391]	lr: 1.000e-02, eta: 0:43:57, time: 0.203, data_time: 0.000, memory: 3684, loss: 0.4084
2023-02-06 19:23:58,835 - mmcls - INFO - Epoch [79][300/391]	lr: 1.000e-02, eta: 0:43:42, time: 0.202, data_time: 0.000, memory: 3684, loss: 0.3843
2023-02-06 19:24:24,366 - mmcls - INFO - Epoch(val) [79][79]	accuracy_top-1: 85.5300, accuracy_top-5: 99.2600
2023-02-06 19:24:46,734 - mmcls - INFO - Epoch [80][100/391]	lr: 1.000e-02, eta: 0:43:07, time: 0.224, data_time: 0.021, memory: 3684, loss: 0.3897
2023-02-06 19:25:07,144 - mmcls - INFO - Epoch [80][200/391]	lr: 1.000e-02, eta: 0:42:53, time: 0.204, data_time: 0.000, memory: 3684, loss: 0.3900
2023-02-06 19:25:27,981 - mmcls - INFO - Epoch [80][300/391]	lr: 1.000e-02, eta: 0:42:39, time: 0.208, data_time: 0.000, memory: 3684, loss: 0.3989
2023-02-06 19:25:46,559 - mmcls - INFO - Saving checkpoint at 80 epochs
2023-02-06 19:25:54,797 - mmcls - INFO - Epoch(val) [80][79]	accuracy_top-1: 85.3600, accuracy_top-5: 99.3000
2023-02-06 19:26:17,102 - mmcls - INFO - Epoch [81][100/391]	lr: 1.000e-02, eta: 0:42:03, time: 0.223, data_time: 0.021, memory: 3684, loss: 0.3902
2023-02-06 19:26:37,424 - mmcls - INFO - Epoch [81][200/391]	lr: 1.000e-02, eta: 0:41:49, time: 0.203, data_time: 0.000, memory: 3684, loss: 0.4003
2023-02-06 19:26:57,746 - mmcls - INFO - Epoch [81][300/391]	lr: 1.000e-02, eta: 0:41:35, time: 0.203, data_time: 0.000, memory: 3684, loss: 0.3850
2023-02-06 19:27:22,962 - mmcls - INFO - Epoch(val) [81][79]	accuracy_top-1: 85.4600, accuracy_top-5: 99.3300
2023-02-06 19:27:45,184 - mmcls - INFO - Epoch [82][100/391]	lr: 1.000e-02, eta: 0:41:00, time: 0.222, data_time: 0.021, memory: 3684, loss: 0.3929
2023-02-06 19:28:06,408 - mmcls - INFO - Epoch [82][200/391]	lr: 1.000e-02, eta: 0:40:46, time: 0.212, data_time: 0.000, memory: 3684, loss: 0.3824
2023-02-06 19:28:26,532 - mmcls - INFO - Epoch [82][300/391]	lr: 1.000e-02, eta: 0:40:31, time: 0.201, data_time: 0.000, memory: 3684, loss: 0.3904
2023-02-06 19:28:51,750 - mmcls - INFO - Epoch(val) [82][79]	accuracy_top-1: 85.6900, accuracy_top-5: 99.3200
2023-02-06 19:29:14,058 - mmcls - INFO - Epoch [83][100/391]	lr: 1.000e-02, eta: 0:39:56, time: 0.223, data_time: 0.021, memory: 3684, loss: 0.3706
2023-02-06 19:29:34,352 - mmcls - INFO - Epoch [83][200/391]	lr: 1.000e-02, eta: 0:39:42, time: 0.203, data_time: 0.000, memory: 3684, loss: 0.3886
2023-02-06 19:29:54,585 - mmcls - INFO - Epoch [83][300/391]	lr: 1.000e-02, eta: 0:39:27, time: 0.202, data_time: 0.000, memory: 3684, loss: 0.3792
2023-02-06 19:30:20,109 - mmcls - INFO - Epoch(val) [83][79]	accuracy_top-1: 85.9400, accuracy_top-5: 99.2400
2023-02-06 19:30:43,969 - mmcls - INFO - Epoch [84][100/391]	lr: 1.000e-02, eta: 0:38:53, time: 0.239, data_time: 0.021, memory: 3684, loss: 0.3914
2023-02-06 19:31:04,552 - mmcls - INFO - Epoch [84][200/391]	lr: 1.000e-02, eta: 0:38:39, time: 0.206, data_time: 0.000, memory: 3684, loss: 0.3735
2023-02-06 19:31:24,856 - mmcls - INFO - Epoch [84][300/391]	lr: 1.000e-02, eta: 0:38:24, time: 0.203, data_time: 0.000, memory: 3684, loss: 0.3676
2023-02-06 19:31:50,007 - mmcls - INFO - Epoch(val) [84][79]	accuracy_top-1: 85.6700, accuracy_top-5: 99.2900
2023-02-06 19:32:12,577 - mmcls - INFO - Epoch [85][100/391]	lr: 1.000e-02, eta: 0:37:49, time: 0.226, data_time: 0.021, memory: 3684, loss: 0.3762
2023-02-06 19:32:33,071 - mmcls - INFO - Epoch [85][200/391]	lr: 1.000e-02, eta: 0:37:35, time: 0.205, data_time: 0.000, memory: 3684, loss: 0.3778
2023-02-06 19:32:53,485 - mmcls - INFO - Epoch [85][300/391]	lr: 1.000e-02, eta: 0:37:20, time: 0.204, data_time: 0.000, memory: 3684, loss: 0.3838
2023-02-06 19:33:18,694 - mmcls - INFO - Epoch(val) [85][79]	accuracy_top-1: 85.5600, accuracy_top-5: 99.3900
2023-02-06 19:33:41,229 - mmcls - INFO - Epoch [86][100/391]	lr: 1.000e-02, eta: 0:36:46, time: 0.225, data_time: 0.021, memory: 3684, loss: 0.3619
2023-02-06 19:34:01,537 - mmcls - INFO - Epoch [86][200/391]	lr: 1.000e-02, eta: 0:36:31, time: 0.203, data_time: 0.000, memory: 3684, loss: 0.3723
2023-02-06 19:34:21,736 - mmcls - INFO - Epoch [86][300/391]	lr: 1.000e-02, eta: 0:36:17, time: 0.202, data_time: 0.000, memory: 3684, loss: 0.3701
2023-02-06 19:34:46,877 - mmcls - INFO - Epoch(val) [86][79]	accuracy_top-1: 85.8300, accuracy_top-5: 99.2800
2023-02-06 19:35:09,189 - mmcls - INFO - Epoch [87][100/391]	lr: 1.000e-02, eta: 0:35:42, time: 0.223, data_time: 0.021, memory: 3684, loss: 0.3635
2023-02-06 19:35:29,308 - mmcls - INFO - Epoch [87][200/391]	lr: 1.000e-02, eta: 0:35:27, time: 0.201, data_time: 0.000, memory: 3684, loss: 0.3673
2023-02-06 19:35:49,990 - mmcls - INFO - Epoch [87][300/391]	lr: 1.000e-02, eta: 0:35:13, time: 0.207, data_time: 0.000, memory: 3684, loss: 0.3725
2023-02-06 19:36:15,346 - mmcls - INFO - Epoch(val) [87][79]	accuracy_top-1: 85.4200, accuracy_top-5: 99.2900
2023-02-06 19:36:37,867 - mmcls - INFO - Epoch [88][100/391]	lr: 1.000e-02, eta: 0:34:39, time: 0.225, data_time: 0.021, memory: 3684, loss: 0.3601
2023-02-06 19:36:58,502 - mmcls - INFO - Epoch [88][200/391]	lr: 1.000e-02, eta: 0:34:24, time: 0.206, data_time: 0.000, memory: 3684, loss: 0.3746
2023-02-06 19:37:19,001 - mmcls - INFO - Epoch [88][300/391]	lr: 1.000e-02, eta: 0:34:09, time: 0.205, data_time: 0.000, memory: 3684, loss: 0.3643
2023-02-06 19:37:44,302 - mmcls - INFO - Epoch(val) [88][79]	accuracy_top-1: 85.8300, accuracy_top-5: 99.2900
2023-02-06 19:38:06,713 - mmcls - INFO - Epoch [89][100/391]	lr: 1.000e-02, eta: 0:33:35, time: 0.224, data_time: 0.021, memory: 3684, loss: 0.3587
2023-02-06 19:38:26,869 - mmcls - INFO - Epoch [89][200/391]	lr: 1.000e-02, eta: 0:33:20, time: 0.202, data_time: 0.000, memory: 3684, loss: 0.3574
2023-02-06 19:38:47,226 - mmcls - INFO - Epoch [89][300/391]	lr: 1.000e-02, eta: 0:33:05, time: 0.204, data_time: 0.000, memory: 3684, loss: 0.3610
2023-02-06 19:39:12,416 - mmcls - INFO - Epoch(val) [89][79]	accuracy_top-1: 85.6600, accuracy_top-5: 99.4000
2023-02-06 19:39:34,738 - mmcls - INFO - Epoch [90][100/391]	lr: 1.000e-02, eta: 0:32:31, time: 0.223, data_time: 0.021, memory: 3684, loss: 0.3596
2023-02-06 19:39:54,962 - mmcls - INFO - Epoch [90][200/391]	lr: 1.000e-02, eta: 0:32:17, time: 0.202, data_time: 0.000, memory: 3684, loss: 0.3469
2023-02-06 19:40:15,164 - mmcls - INFO - Epoch [90][300/391]	lr: 1.000e-02, eta: 0:32:02, time: 0.202, data_time: 0.000, memory: 3684, loss: 0.3656
2023-02-06 19:40:40,147 - mmcls - INFO - Epoch(val) [90][79]	accuracy_top-1: 85.8500, accuracy_top-5: 99.3200
2023-02-06 19:41:02,438 - mmcls - INFO - Epoch [91][100/391]	lr: 1.000e-02, eta: 0:31:28, time: 0.223, data_time: 0.021, memory: 3684, loss: 0.3586
2023-02-06 19:41:22,533 - mmcls - INFO - Epoch [91][200/391]	lr: 1.000e-02, eta: 0:31:13, time: 0.201, data_time: 0.000, memory: 3684, loss: 0.3555
2023-02-06 19:41:42,879 - mmcls - INFO - Epoch [91][300/391]	lr: 1.000e-02, eta: 0:30:58, time: 0.203, data_time: 0.000, memory: 3684, loss: 0.3538
2023-02-06 19:42:07,938 - mmcls - INFO - Epoch(val) [91][79]	accuracy_top-1: 86.0400, accuracy_top-5: 99.3900
2023-02-06 19:42:30,848 - mmcls - INFO - Epoch [92][100/391]	lr: 1.000e-02, eta: 0:30:24, time: 0.229, data_time: 0.021, memory: 3684, loss: 0.3566
2023-02-06 19:42:51,266 - mmcls - INFO - Epoch [92][200/391]	lr: 1.000e-02, eta: 0:30:09, time: 0.204, data_time: 0.000, memory: 3684, loss: 0.3582
2023-02-06 19:43:11,470 - mmcls - INFO - Epoch [92][300/391]	lr: 1.000e-02, eta: 0:29:54, time: 0.202, data_time: 0.000, memory: 3684, loss: 0.3598
2023-02-06 19:43:36,617 - mmcls - INFO - Epoch(val) [92][79]	accuracy_top-1: 86.2400, accuracy_top-5: 99.2300
2023-02-06 19:43:59,017 - mmcls - INFO - Epoch [93][100/391]	lr: 1.000e-02, eta: 0:29:21, time: 0.224, data_time: 0.021, memory: 3684, loss: 0.3469
2023-02-06 19:44:19,315 - mmcls - INFO - Epoch [93][200/391]	lr: 1.000e-02, eta: 0:29:05, time: 0.203, data_time: 0.000, memory: 3684, loss: 0.3528
2023-02-06 19:44:39,595 - mmcls - INFO - Epoch [93][300/391]	lr: 1.000e-02, eta: 0:28:50, time: 0.203, data_time: 0.000, memory: 3684, loss: 0.3494
2023-02-06 19:45:04,538 - mmcls - INFO - Epoch(val) [93][79]	accuracy_top-1: 86.2200, accuracy_top-5: 99.2900
2023-02-06 19:45:26,851 - mmcls - INFO - Epoch [94][100/391]	lr: 1.000e-02, eta: 0:28:17, time: 0.223, data_time: 0.021, memory: 3684, loss: 0.3349
2023-02-06 19:45:47,115 - mmcls - INFO - Epoch [94][200/391]	lr: 1.000e-02, eta: 0:28:02, time: 0.203, data_time: 0.000, memory: 3684, loss: 0.3353
2023-02-06 19:46:07,298 - mmcls - INFO - Epoch [94][300/391]	lr: 1.000e-02, eta: 0:27:47, time: 0.202, data_time: 0.000, memory: 3684, loss: 0.3434
2023-02-06 19:46:32,297 - mmcls - INFO - Epoch(val) [94][79]	accuracy_top-1: 85.8700, accuracy_top-5: 99.3500
2023-02-06 19:46:54,501 - mmcls - INFO - Epoch [95][100/391]	lr: 1.000e-02, eta: 0:27:13, time: 0.222, data_time: 0.021, memory: 3684, loss: 0.3419
2023-02-06 19:47:14,748 - mmcls - INFO - Epoch [95][200/391]	lr: 1.000e-02, eta: 0:26:58, time: 0.202, data_time: 0.000, memory: 3684, loss: 0.3471
2023-02-06 19:47:34,998 - mmcls - INFO - Epoch [95][300/391]	lr: 1.000e-02, eta: 0:26:43, time: 0.202, data_time: 0.000, memory: 3684, loss: 0.3473
2023-02-06 19:48:00,038 - mmcls - INFO - Epoch(val) [95][79]	accuracy_top-1: 86.3600, accuracy_top-5: 99.3700
2023-02-06 19:48:22,593 - mmcls - INFO - Epoch [96][100/391]	lr: 1.000e-02, eta: 0:26:10, time: 0.225, data_time: 0.021, memory: 3684, loss: 0.3303
2023-02-06 19:48:42,937 - mmcls - INFO - Epoch [96][200/391]	lr: 1.000e-02, eta: 0:25:54, time: 0.203, data_time: 0.000, memory: 3684, loss: 0.3465
2023-02-06 19:49:03,139 - mmcls - INFO - Epoch [96][300/391]	lr: 1.000e-02, eta: 0:25:39, time: 0.202, data_time: 0.000, memory: 3684, loss: 0.3443
2023-02-06 19:49:28,298 - mmcls - INFO - Epoch(val) [96][79]	accuracy_top-1: 85.7000, accuracy_top-5: 99.3600
2023-02-06 19:49:51,264 - mmcls - INFO - Epoch [97][100/391]	lr: 1.000e-02, eta: 0:25:06, time: 0.230, data_time: 0.021, memory: 3684, loss: 0.3256
2023-02-06 19:50:11,675 - mmcls - INFO - Epoch [97][200/391]	lr: 1.000e-02, eta: 0:24:51, time: 0.204, data_time: 0.000, memory: 3684, loss: 0.3260
2023-02-06 19:50:32,034 - mmcls - INFO - Epoch [97][300/391]	lr: 1.000e-02, eta: 0:24:36, time: 0.204, data_time: 0.000, memory: 3684, loss: 0.3440
2023-02-06 19:50:57,048 - mmcls - INFO - Epoch(val) [97][79]	accuracy_top-1: 85.8900, accuracy_top-5: 99.3100
2023-02-06 19:51:19,483 - mmcls - INFO - Epoch [98][100/391]	lr: 1.000e-02, eta: 0:24:03, time: 0.224, data_time: 0.021, memory: 3684, loss: 0.3284
2023-02-06 19:51:39,769 - mmcls - INFO - Epoch [98][200/391]	lr: 1.000e-02, eta: 0:23:47, time: 0.203, data_time: 0.000, memory: 3684, loss: 0.3424
2023-02-06 19:51:59,999 - mmcls - INFO - Epoch [98][300/391]	lr: 1.000e-02, eta: 0:23:32, time: 0.202, data_time: 0.000, memory: 3684, loss: 0.3343
2023-02-06 19:52:25,212 - mmcls - INFO - Epoch(val) [98][79]	accuracy_top-1: 85.8200, accuracy_top-5: 99.3000
2023-02-06 19:52:47,848 - mmcls - INFO - Epoch [99][100/391]	lr: 1.000e-02, eta: 0:22:59, time: 0.226, data_time: 0.021, memory: 3684, loss: 0.3424
2023-02-06 19:53:07,990 - mmcls - INFO - Epoch [99][200/391]	lr: 1.000e-02, eta: 0:22:44, time: 0.201, data_time: 0.000, memory: 3684, loss: 0.3223
2023-02-06 19:53:28,334 - mmcls - INFO - Epoch [99][300/391]	lr: 1.000e-02, eta: 0:22:28, time: 0.203, data_time: 0.000, memory: 3684, loss: 0.3362
2023-02-06 19:53:53,825 - mmcls - INFO - Epoch(val) [99][79]	accuracy_top-1: 86.5400, accuracy_top-5: 99.3100
2023-02-06 19:54:16,550 - mmcls - INFO - Epoch [100][100/391]	lr: 1.000e-02, eta: 0:21:56, time: 0.227, data_time: 0.021, memory: 3684, loss: 0.3218
2023-02-06 19:54:36,979 - mmcls - INFO - Epoch [100][200/391]	lr: 1.000e-02, eta: 0:21:40, time: 0.204, data_time: 0.000, memory: 3684, loss: 0.3211
2023-02-06 19:54:57,515 - mmcls - INFO - Epoch [100][300/391]	lr: 1.000e-02, eta: 0:21:25, time: 0.205, data_time: 0.000, memory: 3684, loss: 0.3388
2023-02-06 19:55:16,642 - mmcls - INFO - Saving checkpoint at 100 epochs
2023-02-06 19:55:24,963 - mmcls - INFO - Epoch(val) [100][79]	accuracy_top-1: 86.1800, accuracy_top-5: 99.2600
2023-02-06 19:55:48,182 - mmcls - INFO - Epoch [101][100/391]	lr: 1.000e-03, eta: 0:20:52, time: 0.232, data_time: 0.021, memory: 3684, loss: 0.3118
2023-02-06 19:56:09,767 - mmcls - INFO - Epoch [101][200/391]	lr: 1.000e-03, eta: 0:20:37, time: 0.216, data_time: 0.000, memory: 3684, loss: 0.3094
2023-02-06 19:56:30,377 - mmcls - INFO - Epoch [101][300/391]	lr: 1.000e-03, eta: 0:20:22, time: 0.206, data_time: 0.000, memory: 3684, loss: 0.3049
2023-02-06 19:56:55,668 - mmcls - INFO - Epoch(val) [101][79]	accuracy_top-1: 86.7900, accuracy_top-5: 99.3200
2023-02-06 19:57:18,148 - mmcls - INFO - Epoch [102][100/391]	lr: 1.000e-03, eta: 0:19:49, time: 0.225, data_time: 0.021, memory: 3684, loss: 0.3037
2023-02-06 19:57:38,440 - mmcls - INFO - Epoch [102][200/391]	lr: 1.000e-03, eta: 0:19:34, time: 0.203, data_time: 0.000, memory: 3684, loss: 0.3057
2023-02-06 19:57:58,805 - mmcls - INFO - Epoch [102][300/391]	lr: 1.000e-03, eta: 0:19:18, time: 0.204, data_time: 0.000, memory: 3684, loss: 0.2982
2023-02-06 19:58:23,943 - mmcls - INFO - Epoch(val) [102][79]	accuracy_top-1: 86.8500, accuracy_top-5: 99.3500
2023-02-06 19:58:46,353 - mmcls - INFO - Epoch [103][100/391]	lr: 1.000e-03, eta: 0:18:46, time: 0.224, data_time: 0.021, memory: 3684, loss: 0.3075
2023-02-06 19:59:06,661 - mmcls - INFO - Epoch [103][200/391]	lr: 1.000e-03, eta: 0:18:30, time: 0.203, data_time: 0.000, memory: 3684, loss: 0.2896
2023-02-06 19:59:27,115 - mmcls - INFO - Epoch [103][300/391]	lr: 1.000e-03, eta: 0:18:14, time: 0.205, data_time: 0.000, memory: 3684, loss: 0.3047
2023-02-06 19:59:52,180 - mmcls - INFO - Epoch(val) [103][79]	accuracy_top-1: 86.8900, accuracy_top-5: 99.3400
2023-02-06 20:00:14,641 - mmcls - INFO - Epoch [104][100/391]	lr: 1.000e-03, eta: 0:17:42, time: 0.225, data_time: 0.021, memory: 3684, loss: 0.2884
2023-02-06 20:00:35,028 - mmcls - INFO - Epoch [104][200/391]	lr: 1.000e-03, eta: 0:17:26, time: 0.204, data_time: 0.000, memory: 3684, loss: 0.2997
2023-02-06 20:00:55,442 - mmcls - INFO - Epoch [104][300/391]	lr: 1.000e-03, eta: 0:17:11, time: 0.204, data_time: 0.000, memory: 3684, loss: 0.2891
2023-02-06 20:01:20,685 - mmcls - INFO - Epoch(val) [104][79]	accuracy_top-1: 86.8200, accuracy_top-5: 99.3600
2023-02-06 20:01:43,203 - mmcls - INFO - Epoch [105][100/391]	lr: 1.000e-03, eta: 0:16:39, time: 0.225, data_time: 0.021, memory: 3684, loss: 0.2919
2023-02-06 20:02:03,597 - mmcls - INFO - Epoch [105][200/391]	lr: 1.000e-03, eta: 0:16:23, time: 0.204, data_time: 0.000, memory: 3684, loss: 0.2843
2023-02-06 20:02:23,871 - mmcls - INFO - Epoch [105][300/391]	lr: 1.000e-03, eta: 0:16:07, time: 0.203, data_time: 0.000, memory: 3684, loss: 0.2878
2023-02-06 20:02:49,310 - mmcls - INFO - Epoch(val) [105][79]	accuracy_top-1: 86.7100, accuracy_top-5: 99.4100
2023-02-06 20:03:11,965 - mmcls - INFO - Epoch [106][100/391]	lr: 1.000e-03, eta: 0:15:35, time: 0.227, data_time: 0.021, memory: 3684, loss: 0.2866
2023-02-06 20:03:32,436 - mmcls - INFO - Epoch [106][200/391]	lr: 1.000e-03, eta: 0:15:19, time: 0.205, data_time: 0.000, memory: 3684, loss: 0.2579
2023-02-06 20:03:52,819 - mmcls - INFO - Epoch [106][300/391]	lr: 1.000e-03, eta: 0:15:04, time: 0.204, data_time: 0.000, memory: 3684, loss: 0.2573
2023-02-06 20:04:18,139 - mmcls - INFO - Epoch(val) [106][79]	accuracy_top-1: 87.8000, accuracy_top-5: 99.4100
2023-02-06 20:04:40,691 - mmcls - INFO - Epoch [107][100/391]	lr: 1.000e-03, eta: 0:14:32, time: 0.225, data_time: 0.021, memory: 3684, loss: 0.2518
2023-02-06 20:05:01,122 - mmcls - INFO - Epoch [107][200/391]	lr: 1.000e-03, eta: 0:14:16, time: 0.204, data_time: 0.000, memory: 3684, loss: 0.2556
2023-02-06 20:05:21,419 - mmcls - INFO - Epoch [107][300/391]	lr: 1.000e-03, eta: 0:14:00, time: 0.203, data_time: 0.000, memory: 3684, loss: 0.2514
2023-02-06 20:05:46,625 - mmcls - INFO - Epoch(val) [107][79]	accuracy_top-1: 87.8100, accuracy_top-5: 99.3800
2023-02-06 20:06:09,141 - mmcls - INFO - Epoch [108][100/391]	lr: 1.000e-03, eta: 0:13:28, time: 0.225, data_time: 0.021, memory: 3684, loss: 0.2549
2023-02-06 20:06:29,654 - mmcls - INFO - Epoch [108][200/391]	lr: 1.000e-03, eta: 0:13:12, time: 0.205, data_time: 0.000, memory: 3684, loss: 0.2522
2023-02-06 20:06:50,220 - mmcls - INFO - Epoch [108][300/391]	lr: 1.000e-03, eta: 0:12:57, time: 0.206, data_time: 0.000, memory: 3684, loss: 0.2545
2023-02-06 20:07:15,470 - mmcls - INFO - Epoch(val) [108][79]	accuracy_top-1: 87.7100, accuracy_top-5: 99.3800
2023-02-06 20:07:38,011 - mmcls - INFO - Epoch [109][100/391]	lr: 1.000e-03, eta: 0:12:25, time: 0.225, data_time: 0.021, memory: 3684, loss: 0.2523
2023-02-06 20:07:58,290 - mmcls - INFO - Epoch [109][200/391]	lr: 1.000e-03, eta: 0:12:09, time: 0.203, data_time: 0.000, memory: 3684, loss: 0.2523
2023-02-06 20:08:18,545 - mmcls - INFO - Epoch [109][300/391]	lr: 1.000e-03, eta: 0:11:53, time: 0.203, data_time: 0.000, memory: 3684, loss: 0.2561
2023-02-06 20:08:43,989 - mmcls - INFO - Epoch(val) [109][79]	accuracy_top-1: 87.7000, accuracy_top-5: 99.4200
2023-02-06 20:09:07,046 - mmcls - INFO - Epoch [110][100/391]	lr: 1.000e-03, eta: 0:11:21, time: 0.231, data_time: 0.021, memory: 3684, loss: 0.2227
2023-02-06 20:09:27,642 - mmcls - INFO - Epoch [110][200/391]	lr: 1.000e-03, eta: 0:11:05, time: 0.206, data_time: 0.000, memory: 3684, loss: 0.2246
2023-02-06 20:09:47,959 - mmcls - INFO - Epoch [110][300/391]	lr: 1.000e-03, eta: 0:10:50, time: 0.203, data_time: 0.000, memory: 3684, loss: 0.2251
2023-02-06 20:10:13,158 - mmcls - INFO - Epoch(val) [110][79]	accuracy_top-1: 88.0000, accuracy_top-5: 99.4200
2023-02-06 20:10:35,631 - mmcls - INFO - Epoch [111][100/391]	lr: 1.000e-03, eta: 0:10:18, time: 0.225, data_time: 0.021, memory: 3684, loss: 0.2020
2023-02-06 20:10:55,822 - mmcls - INFO - Epoch [111][200/391]	lr: 1.000e-03, eta: 0:10:02, time: 0.202, data_time: 0.000, memory: 3684, loss: 0.2090
2023-02-06 20:11:16,111 - mmcls - INFO - Epoch [111][300/391]	lr: 1.000e-03, eta: 0:09:46, time: 0.203, data_time: 0.000, memory: 3684, loss: 0.2047
2023-02-06 20:11:41,353 - mmcls - INFO - Epoch(val) [111][79]	accuracy_top-1: 88.8800, accuracy_top-5: 99.4100
2023-02-06 20:12:03,594 - mmcls - INFO - Epoch [112][100/391]	lr: 1.000e-03, eta: 0:09:14, time: 0.222, data_time: 0.021, memory: 3684, loss: 0.2054
2023-02-06 20:12:24,047 - mmcls - INFO - Epoch [112][200/391]	lr: 1.000e-03, eta: 0:08:58, time: 0.205, data_time: 0.000, memory: 3684, loss: 0.2097
2023-02-06 20:12:44,519 - mmcls - INFO - Epoch [112][300/391]	lr: 1.000e-03, eta: 0:08:42, time: 0.205, data_time: 0.000, memory: 3684, loss: 0.2054
2023-02-06 20:13:09,573 - mmcls - INFO - Epoch(val) [112][79]	accuracy_top-1: 88.8200, accuracy_top-5: 99.4500
2023-02-06 20:13:31,728 - mmcls - INFO - Epoch [113][100/391]	lr: 1.000e-03, eta: 0:08:11, time: 0.221, data_time: 0.021, memory: 3684, loss: 0.2002
2023-02-06 20:13:51,946 - mmcls - INFO - Epoch [113][200/391]	lr: 1.000e-03, eta: 0:07:55, time: 0.202, data_time: 0.000, memory: 3684, loss: 0.2064
2023-02-06 20:14:12,129 - mmcls - INFO - Epoch [113][300/391]	lr: 1.000e-03, eta: 0:07:39, time: 0.202, data_time: 0.000, memory: 3684, loss: 0.2017
2023-02-06 20:14:37,157 - mmcls - INFO - Epoch(val) [113][79]	accuracy_top-1: 88.7900, accuracy_top-5: 99.4500
2023-02-06 20:14:59,518 - mmcls - INFO - Epoch [114][100/391]	lr: 1.000e-03, eta: 0:07:07, time: 0.224, data_time: 0.021, memory: 3684, loss: 0.1541
2023-02-06 20:15:19,570 - mmcls - INFO - Epoch [114][200/391]	lr: 1.000e-03, eta: 0:06:51, time: 0.201, data_time: 0.000, memory: 3684, loss: 0.1206
2023-02-06 20:15:39,877 - mmcls - INFO - Epoch [114][300/391]	lr: 1.000e-03, eta: 0:06:35, time: 0.203, data_time: 0.000, memory: 3684, loss: 0.1566
2023-02-06 20:16:04,848 - mmcls - INFO - Epoch(val) [114][79]	accuracy_top-1: 89.5400, accuracy_top-5: 99.3900
2023-02-06 20:16:27,131 - mmcls - INFO - Epoch [115][100/391]	lr: 1.000e-03, eta: 0:06:04, time: 0.223, data_time: 0.021, memory: 3684, loss: 0.1806
2023-02-06 20:16:47,361 - mmcls - INFO - Epoch [115][200/391]	lr: 1.000e-03, eta: 0:05:48, time: 0.202, data_time: 0.000, memory: 3684, loss: 0.1792
2023-02-06 20:17:07,590 - mmcls - INFO - Epoch [115][300/391]	lr: 1.000e-03, eta: 0:05:32, time: 0.202, data_time: 0.000, memory: 3684, loss: 0.1867
2023-02-06 20:17:32,538 - mmcls - INFO - Epoch(val) [115][79]	accuracy_top-1: 89.0000, accuracy_top-5: 99.4700
2023-02-06 20:17:54,666 - mmcls - INFO - Epoch [116][100/391]	lr: 1.000e-03, eta: 0:05:00, time: 0.221, data_time: 0.021, memory: 3684, loss: 0.1537
2023-02-06 20:18:14,761 - mmcls - INFO - Epoch [116][200/391]	lr: 1.000e-03, eta: 0:04:44, time: 0.201, data_time: 0.000, memory: 3684, loss: 0.1569
2023-02-06 20:18:34,735 - mmcls - INFO - Epoch [116][300/391]	lr: 1.000e-03, eta: 0:04:28, time: 0.200, data_time: 0.000, memory: 3684, loss: 0.1516
2023-02-06 20:18:59,513 - mmcls - INFO - Epoch(val) [116][79]	accuracy_top-1: 89.6500, accuracy_top-5: 99.4500
2023-02-06 20:19:21,824 - mmcls - INFO - Epoch [117][100/391]	lr: 1.000e-03, eta: 0:03:57, time: 0.223, data_time: 0.021, memory: 3684, loss: 0.1218
2023-02-06 20:19:42,017 - mmcls - INFO - Epoch [117][200/391]	lr: 1.000e-03, eta: 0:03:41, time: 0.202, data_time: 0.000, memory: 3684, loss: 0.1232
2023-02-06 20:20:02,208 - mmcls - INFO - Epoch [117][300/391]	lr: 1.000e-03, eta: 0:03:25, time: 0.202, data_time: 0.000, memory: 3684, loss: 0.1278
2023-02-06 20:20:27,325 - mmcls - INFO - Epoch(val) [117][79]	accuracy_top-1: 90.8100, accuracy_top-5: 99.4700
2023-02-06 20:20:49,730 - mmcls - INFO - Epoch [118][100/391]	lr: 1.000e-03, eta: 0:02:54, time: 0.224, data_time: 0.021, memory: 3684, loss: 0.1248
2023-02-06 20:21:10,312 - mmcls - INFO - Epoch [118][200/391]	lr: 1.000e-03, eta: 0:02:37, time: 0.206, data_time: 0.000, memory: 3684, loss: 0.1268
2023-02-06 20:21:30,576 - mmcls - INFO - Epoch [118][300/391]	lr: 1.000e-03, eta: 0:02:21, time: 0.203, data_time: 0.000, memory: 3684, loss: 0.1201
2023-02-06 20:21:55,539 - mmcls - INFO - Epoch(val) [118][79]	accuracy_top-1: 90.8700, accuracy_top-5: 99.4100
2023-02-06 20:22:17,991 - mmcls - INFO - Epoch [119][100/391]	lr: 1.000e-03, eta: 0:01:50, time: 0.224, data_time: 0.021, memory: 3684, loss: 0.1272
2023-02-06 20:22:38,302 - mmcls - INFO - Epoch [119][200/391]	lr: 1.000e-03, eta: 0:01:34, time: 0.203, data_time: 0.000, memory: 3684, loss: 0.1212
2023-02-06 20:22:59,036 - mmcls - INFO - Epoch [119][300/391]	lr: 1.000e-03, eta: 0:01:18, time: 0.207, data_time: 0.000, memory: 3684, loss: 0.1216
2023-02-06 20:23:23,963 - mmcls - INFO - Epoch(val) [119][79]	accuracy_top-1: 90.8800, accuracy_top-5: 99.4400
2023-02-06 20:23:46,243 - mmcls - INFO - Epoch [120][100/391]	lr: 1.000e-03, eta: 0:00:47, time: 0.223, data_time: 0.021, memory: 3684, loss: 0.1087
2023-02-06 20:24:06,453 - mmcls - INFO - Epoch [120][200/391]	lr: 1.000e-03, eta: 0:00:30, time: 0.202, data_time: 0.000, memory: 3684, loss: 0.1006
2023-02-06 20:24:26,646 - mmcls - INFO - Epoch [120][300/391]	lr: 1.000e-03, eta: 0:00:14, time: 0.202, data_time: 0.000, memory: 3684, loss: 0.1029
2023-02-06 20:24:44,970 - mmcls - INFO - Saving checkpoint at 120 epochs
2023-02-06 20:24:52,970 - mmcls - INFO - Epoch(val) [120][79]	accuracy_top-1: 91.7000, accuracy_top-5: 99.4200
